This is pdfTeX, Version 3.141592653-2.6-1.40.26 (TeX Live 2024) (preloaded format=pdflatex 2025.2.15)  15 FEB 2025 13:38
entering extended mode
 restricted \write18 enabled.
 %&-line parsing enabled.
**EUA-Connectedness-no-Author-info.tex
(./EUA-Connectedness-no-Author-info.tex
LaTeX2e <2024-11-01> patch level 2
L3 programming layer <2025-01-18>
(./elsarticle.cls
Document Class: elsarticle 2020/11/20, 3.3: Elsevier Ltd
(/Users/emreusenmez/Library/TinyTeX/texmf-dist/tex/latex/l3kernel/expl3.sty
Package: expl3 2025-01-18 L3 programming layer (loader) 
(/Users/emreusenmez/Library/TinyTeX/texmf-dist/tex/latex/l3backend/l3backend-pdftex.def
File: l3backend-pdftex.def 2024-05-08 L3 backend support: PDF output (pdfTeX)
\l__color_backend_stack_int=\count196
\l__pdf_internal_box=\box52
)) (/Users/emreusenmez/Library/TinyTeX/texmf-dist/tex/latex/l3packages/xparse/xparse.sty
Package: xparse 2024-08-16 L3 Experimental document command parser
) (/Users/emreusenmez/Library/TinyTeX/texmf-dist/tex/latex/etoolbox/etoolbox.sty
Package: etoolbox 2025/02/11 v2.5l e-TeX tools for LaTeX (JAW)
\etb@tempcnta=\count197
)
\@bls=\dimen141
(/Users/emreusenmez/Library/TinyTeX/texmf-dist/tex/latex/base/article.cls
Document Class: article 2024/06/29 v1.4n Standard LaTeX document class
(/Users/emreusenmez/Library/TinyTeX/texmf-dist/tex/latex/base/size10.clo
File: size10.clo 2024/06/29 v1.4n Standard LaTeX file (size option)
)
\c@part=\count198
\c@section=\count199
\c@subsection=\count266
\c@subsubsection=\count267
\c@paragraph=\count268
\c@subparagraph=\count269
\c@figure=\count270
\c@table=\count271
\abovecaptionskip=\skip49
\belowcaptionskip=\skip50
\bibindent=\dimen142
) (/Users/emreusenmez/Library/TinyTeX/texmf-dist/tex/latex/graphics/graphicx.sty
Package: graphicx 2021/09/16 v1.2d Enhanced LaTeX Graphics (DPC,SPQR)
(/Users/emreusenmez/Library/TinyTeX/texmf-dist/tex/latex/graphics/keyval.sty
Package: keyval 2022/05/29 v1.15 key=value parser (DPC)
\KV@toks@=\toks17
) (/Users/emreusenmez/Library/TinyTeX/texmf-dist/tex/latex/graphics/graphics.sty
Package: graphics 2024/08/06 v1.4g Standard LaTeX Graphics (DPC,SPQR)
(/Users/emreusenmez/Library/TinyTeX/texmf-dist/tex/latex/graphics/trig.sty
Package: trig 2023/12/02 v1.11 sin cos tan (DPC)
) (/Users/emreusenmez/Library/TinyTeX/texmf-dist/tex/latex/graphics-cfg/graphics.cfg
File: graphics.cfg 2016/06/04 v1.11 sample graphics configuration
)
Package graphics Info: Driver file: pdftex.def on input line 106.
(/Users/emreusenmez/Library/TinyTeX/texmf-dist/tex/latex/graphics-def/pdftex.def
File: pdftex.def 2024/04/13 v1.2c Graphics/color driver for pdftex
))
\Gin@req@height=\dimen143
\Gin@req@width=\dimen144
)
\c@tnote=\count272
\c@fnote=\count273
\c@cnote=\count274
\c@ead=\count275
\c@author=\count276
\@eadauthor=\toks18
\c@affn=\count277
\absbox=\box53
\elsarticlehighlightsbox=\box54
\elsarticlegrabsbox=\box55
\keybox=\box56
\Columnwidth=\dimen145
\space@left=\dimen146
\els@boxa=\box57
\els@boxb=\box58
\leftMargin=\dimen147
\@enLab=\toks19
\@sep=\skip51
\@@sep=\skip52
(./EUA-Connectedness-no-Author-info.spl) (/Users/emreusenmez/Library/TinyTeX/texmf-dist/tex/latex/natbib/natbib.sty
Package: natbib 2010/09/13 8.31b (PWD, AO)
\bibhang=\skip53
\bibsep=\skip54
LaTeX Info: Redefining \cite on input line 694.
\c@NAT@ctr=\count278
)
\splwrite=\write3
\openout3 = `EUA-Connectedness-no-Author-info.spl'.

(/Users/emreusenmez/Library/TinyTeX/texmf-dist/tex/latex/geometry/geometry.sty
Package: geometry 2020/01/02 v5.9 Page Geometry
(/Users/emreusenmez/Library/TinyTeX/texmf-dist/tex/generic/iftex/ifvtex.sty
Package: ifvtex 2019/10/25 v1.7 ifvtex legacy package. Use iftex instead.
(/Users/emreusenmez/Library/TinyTeX/texmf-dist/tex/generic/iftex/iftex.sty
Package: iftex 2024/12/12 v1.0g TeX engine tests
))
\Gm@cnth=\count279
\Gm@cntv=\count280
\c@Gm@tempcnt=\count281
\Gm@bindingoffset=\dimen148
\Gm@wd@mp=\dimen149
\Gm@odd@mp=\dimen150
\Gm@even@mp=\dimen151
\Gm@layoutwidth=\dimen152
\Gm@layoutheight=\dimen153
\Gm@layouthoffset=\dimen154
\Gm@layoutvoffset=\dimen155
\Gm@dimlist=\toks20
)
\appnamewidth=\dimen156
) (/Users/emreusenmez/Library/TinyTeX/texmf-dist/tex/latex/url/url.sty
\Urlmuskip=\muskip17
Package: url 2013/09/16  ver 3.4  Verb mode for urls, etc.
) (/Users/emreusenmez/Library/TinyTeX/texmf-dist/tex/latex/base/fontenc.sty
Package: fontenc 2021/04/29 v2.0v Standard LaTeX package
) (/Users/emreusenmez/Library/TinyTeX/texmf-dist/tex/latex/lm/lmodern.sty
Package: lmodern 2015/05/01 v1.6.1 Latin Modern Fonts
LaTeX Font Info:    Overwriting symbol font `operators' in version `normal'
(Font)                  OT1/cmr/m/n --> OT1/lmr/m/n on input line 22.
LaTeX Font Info:    Overwriting symbol font `letters' in version `normal'
(Font)                  OML/cmm/m/it --> OML/lmm/m/it on input line 23.
LaTeX Font Info:    Overwriting symbol font `symbols' in version `normal'
(Font)                  OMS/cmsy/m/n --> OMS/lmsy/m/n on input line 24.
LaTeX Font Info:    Overwriting symbol font `largesymbols' in version `normal'
(Font)                  OMX/cmex/m/n --> OMX/lmex/m/n on input line 25.
LaTeX Font Info:    Overwriting symbol font `operators' in version `bold'
(Font)                  OT1/cmr/bx/n --> OT1/lmr/bx/n on input line 26.
LaTeX Font Info:    Overwriting symbol font `letters' in version `bold'
(Font)                  OML/cmm/b/it --> OML/lmm/b/it on input line 27.
LaTeX Font Info:    Overwriting symbol font `symbols' in version `bold'
(Font)                  OMS/cmsy/b/n --> OMS/lmsy/b/n on input line 28.
LaTeX Font Info:    Overwriting symbol font `largesymbols' in version `bold'
(Font)                  OMX/cmex/m/n --> OMX/lmex/m/n on input line 29.
LaTeX Font Info:    Overwriting math alphabet `\mathbf' in version `normal'
(Font)                  OT1/cmr/bx/n --> OT1/lmr/bx/n on input line 31.
LaTeX Font Info:    Overwriting math alphabet `\mathsf' in version `normal'
(Font)                  OT1/cmss/m/n --> OT1/lmss/m/n on input line 32.
LaTeX Font Info:    Overwriting math alphabet `\mathit' in version `normal'
(Font)                  OT1/cmr/m/it --> OT1/lmr/m/it on input line 33.
LaTeX Font Info:    Overwriting math alphabet `\mathtt' in version `normal'
(Font)                  OT1/cmtt/m/n --> OT1/lmtt/m/n on input line 34.
LaTeX Font Info:    Overwriting math alphabet `\mathbf' in version `bold'
(Font)                  OT1/cmr/bx/n --> OT1/lmr/bx/n on input line 35.
LaTeX Font Info:    Overwriting math alphabet `\mathsf' in version `bold'
(Font)                  OT1/cmss/bx/n --> OT1/lmss/bx/n on input line 36.
LaTeX Font Info:    Overwriting math alphabet `\mathit' in version `bold'
(Font)                  OT1/cmr/bx/it --> OT1/lmr/bx/it on input line 37.
LaTeX Font Info:    Overwriting math alphabet `\mathtt' in version `bold'
(Font)                  OT1/cmtt/m/n --> OT1/lmtt/m/n on input line 38.
) (/Users/emreusenmez/Library/TinyTeX/texmf-dist/tex/latex/amsfonts/amssymb.sty
Package: amssymb 2013/01/14 v3.01 AMS font symbols
(/Users/emreusenmez/Library/TinyTeX/texmf-dist/tex/latex/amsfonts/amsfonts.sty
Package: amsfonts 2013/01/14 v3.01 Basic AMSFonts support
\@emptytoks=\toks21
\symAMSa=\mathgroup4
\symAMSb=\mathgroup5
LaTeX Font Info:    Redeclaring math symbol \hbar on input line 98.
LaTeX Font Info:    Overwriting math alphabet `\mathfrak' in version `bold'
(Font)                  U/euf/m/n --> U/euf/b/n on input line 106.
)) (/Users/emreusenmez/Library/TinyTeX/texmf-dist/tex/latex/amsmath/amsmath.sty
Package: amsmath 2024/11/05 v2.17t AMS math features
\@mathmargin=\skip55
For additional information on amsmath, use the `?' option.
(/Users/emreusenmez/Library/TinyTeX/texmf-dist/tex/latex/amsmath/amstext.sty
Package: amstext 2021/08/26 v2.01 AMS text
(/Users/emreusenmez/Library/TinyTeX/texmf-dist/tex/latex/amsmath/amsgen.sty
File: amsgen.sty 1999/11/30 v2.0 generic functions
\@emptytoks=\toks22
\ex@=\dimen157
)) (/Users/emreusenmez/Library/TinyTeX/texmf-dist/tex/latex/amsmath/amsbsy.sty
Package: amsbsy 1999/11/29 v1.2d Bold Symbols
\pmbraise@=\dimen158
) (/Users/emreusenmez/Library/TinyTeX/texmf-dist/tex/latex/amsmath/amsopn.sty
Package: amsopn 2022/04/08 v2.04 operator names
)
\inf@bad=\count282
LaTeX Info: Redefining \frac on input line 233.
\uproot@=\count283
\leftroot@=\count284
LaTeX Info: Redefining \overline on input line 398.
LaTeX Info: Redefining \colon on input line 409.
\classnum@=\count285
\DOTSCASE@=\count286
LaTeX Info: Redefining \ldots on input line 495.
LaTeX Info: Redefining \dots on input line 498.
LaTeX Info: Redefining \cdots on input line 619.
\Mathstrutbox@=\box59
\strutbox@=\box60
LaTeX Info: Redefining \big on input line 721.
LaTeX Info: Redefining \Big on input line 722.
LaTeX Info: Redefining \bigg on input line 723.
LaTeX Info: Redefining \Bigg on input line 724.
\big@size=\dimen159
LaTeX Font Info:    Redeclaring font encoding OML on input line 742.
LaTeX Font Info:    Redeclaring font encoding OMS on input line 743.
\macc@depth=\count287
LaTeX Info: Redefining \bmod on input line 904.
LaTeX Info: Redefining \pmod on input line 909.
LaTeX Info: Redefining \smash on input line 939.
LaTeX Info: Redefining \relbar on input line 969.
LaTeX Info: Redefining \Relbar on input line 970.
\c@MaxMatrixCols=\count288
\dotsspace@=\muskip18
\c@parentequation=\count289
\dspbrk@lvl=\count290
\tag@help=\toks23
\row@=\count291
\column@=\count292
\maxfields@=\count293
\andhelp@=\toks24
\eqnshift@=\dimen160
\alignsep@=\dimen161
\tagshift@=\dimen162
\tagwidth@=\dimen163
\totwidth@=\dimen164
\lineht@=\dimen165
\@envbody=\toks25
\multlinegap=\skip56
\multlinetaggap=\skip57
\mathdisplay@stack=\toks26
LaTeX Info: Redefining \[ on input line 2953.
LaTeX Info: Redefining \] on input line 2954.
) (/Users/emreusenmez/Library/TinyTeX/texmf-dist/tex/latex/lineno/lineno.sty
Package: lineno 2025/01/29 line numbers on paragraphs v5.4
(/Users/emreusenmez/Library/TinyTeX/texmf-dist/tex/latex/kvoptions/kvoptions.sty
Package: kvoptions 2022-06-15 v3.15 Key value format for package options (HO)
(/Users/emreusenmez/Library/TinyTeX/texmf-dist/tex/generic/ltxcmds/ltxcmds.sty
Package: ltxcmds 2023-12-04 v1.26 LaTeX kernel commands for general use (HO)
) (/Users/emreusenmez/Library/TinyTeX/texmf-dist/tex/latex/kvsetkeys/kvsetkeys.sty
Package: kvsetkeys 2022-10-05 v1.19 Key value parser (HO)
))
\linenopenalty=\count294
\output=\toks27
\linenoprevgraf=\count295
\linenumbersep=\dimen166
\linenumberwidth=\dimen167
\c@linenumber=\count296
\c@pagewiselinenumber=\count297
\c@LN@truepage=\count298
\c@internallinenumber=\count299
\c@internallinenumbers=\count300
\quotelinenumbersep=\dimen168
\bframerule=\dimen169
\bframesep=\dimen170
\bframebox=\box61
\@LN@amsmath@ams@eqpen=\count301
LaTeX Info: Redefining \\ on input line 3187.
) (/Users/emreusenmez/Library/TinyTeX/texmf-dist/tex/generic/iftex/ifxetex.sty
Package: ifxetex 2019/10/25 v0.7 ifxetex legacy package. Use iftex instead.
) (/Users/emreusenmez/Library/TinyTeX/texmf-dist/tex/generic/iftex/ifluatex.sty
Package: ifluatex 2019/10/25 v1.5 ifluatex legacy package. Use iftex instead.
) (/Users/emreusenmez/Library/TinyTeX/texmf-dist/tex/latex/base/fixltx2e.sty
Package: fixltx2e 2016/12/29 v2.1a fixes to LaTeX (obsolete)
Applying: [2015/01/01] Old fixltx2e package on input line 46.

Package fixltx2e Warning: fixltx2e is not required with releases after 2015
(fixltx2e)                All fixes are now in the LaTeX kernel.
(fixltx2e)                See the latexrelease package for details.

Already applied: [0000/00/00] Old fixltx2e package on input line 53.
) (/Users/emreusenmez/Library/TinyTeX/texmf-dist/tex/latex/base/inputenc.sty
Package: inputenc 2024/02/08 v1.3d Input encoding file
\inpenc@prehook=\toks28
\inpenc@posthook=\toks29
) (/Users/emreusenmez/Library/TinyTeX/texmf-dist/tex/latex/hyperref/hyperref.sty
Package: hyperref 2024-11-05 v7.01l Hypertext links for LaTeX
(/Users/emreusenmez/Library/TinyTeX/texmf-dist/tex/generic/kvdefinekeys/kvdefinekeys.sty
Package: kvdefinekeys 2019-12-19 v1.6 Define keys (HO)
) (/Users/emreusenmez/Library/TinyTeX/texmf-dist/tex/generic/pdfescape/pdfescape.sty
Package: pdfescape 2019/12/09 v1.15 Implements pdfTeX's escape features (HO)
(/Users/emreusenmez/Library/TinyTeX/texmf-dist/tex/generic/pdftexcmds/pdftexcmds.sty
Package: pdftexcmds 2020-06-27 v0.33 Utility functions of pdfTeX for LuaTeX (HO)
(/Users/emreusenmez/Library/TinyTeX/texmf-dist/tex/generic/infwarerr/infwarerr.sty
Package: infwarerr 2019/12/03 v1.5 Providing info/warning/error messages (HO)
)
Package pdftexcmds Info: \pdf@primitive is available.
Package pdftexcmds Info: \pdf@ifprimitive is available.
Package pdftexcmds Info: \pdfdraftmode found.
)) (/Users/emreusenmez/Library/TinyTeX/texmf-dist/tex/latex/hycolor/hycolor.sty
Package: hycolor 2020-01-27 v1.10 Color options for hyperref/bookmark (HO)
) (/Users/emreusenmez/Library/TinyTeX/texmf-dist/tex/latex/hyperref/nameref.sty
Package: nameref 2023-11-26 v2.56 Cross-referencing by name of section
(/Users/emreusenmez/Library/TinyTeX/texmf-dist/tex/latex/refcount/refcount.sty
Package: refcount 2019/12/15 v3.6 Data extraction from label references (HO)
) (/Users/emreusenmez/Library/TinyTeX/texmf-dist/tex/generic/gettitlestring/gettitlestring.sty
Package: gettitlestring 2019/12/15 v1.6 Cleanup title references (HO)
)
\c@section@level=\count302
) (/Users/emreusenmez/Library/TinyTeX/texmf-dist/tex/generic/stringenc/stringenc.sty
Package: stringenc 2019/11/29 v1.12 Convert strings between diff. encodings (HO)
)
\@linkdim=\dimen171
\Hy@linkcounter=\count303
\Hy@pagecounter=\count304
(/Users/emreusenmez/Library/TinyTeX/texmf-dist/tex/latex/hyperref/pd1enc.def
File: pd1enc.def 2024-11-05 v7.01l Hyperref: PDFDocEncoding definition (HO)
Now handling font encoding PD1 ...
... no UTF-8 mapping file for font encoding PD1
) (/Users/emreusenmez/Library/TinyTeX/texmf-dist/tex/generic/intcalc/intcalc.sty
Package: intcalc 2019/12/15 v1.3 Expandable calculations with integers (HO)
)
\Hy@SavedSpaceFactor=\count305
(/Users/emreusenmez/Library/TinyTeX/texmf-dist/tex/latex/hyperref/puenc.def
File: puenc.def 2024-11-05 v7.01l Hyperref: PDF Unicode definition (HO)
Now handling font encoding PU ...
... no UTF-8 mapping file for font encoding PU
)
Package hyperref Info: Option `unicode' set `true' on input line 4040.
Package hyperref Info: Hyper figures OFF on input line 4157.
Package hyperref Info: Link nesting OFF on input line 4162.
Package hyperref Info: Hyper index ON on input line 4165.
Package hyperref Info: Plain pages OFF on input line 4172.
Package hyperref Info: Backreferencing OFF on input line 4177.
Package hyperref Info: Implicit mode ON; LaTeX internals redefined.
Package hyperref Info: Bookmarks ON on input line 4424.
\c@Hy@tempcnt=\count306
LaTeX Info: Redefining \url on input line 4763.
\XeTeXLinkMargin=\dimen172
(/Users/emreusenmez/Library/TinyTeX/texmf-dist/tex/generic/bitset/bitset.sty
Package: bitset 2019/12/09 v1.3 Handle bit-vector datatype (HO)
(/Users/emreusenmez/Library/TinyTeX/texmf-dist/tex/generic/bigintcalc/bigintcalc.sty
Package: bigintcalc 2019/12/15 v1.5 Expandable calculations on big integers (HO)
))
\Fld@menulength=\count307
\Field@Width=\dimen173
\Fld@charsize=\dimen174
Package hyperref Info: Hyper figures OFF on input line 6042.
Package hyperref Info: Link nesting OFF on input line 6047.
Package hyperref Info: Hyper index ON on input line 6050.
Package hyperref Info: backreferencing OFF on input line 6057.
Package hyperref Info: Link coloring OFF on input line 6062.
Package hyperref Info: Link coloring with OCG OFF on input line 6067.
Package hyperref Info: PDF/A mode OFF on input line 6072.
(/Users/emreusenmez/Library/TinyTeX/texmf-dist/tex/latex/base/atbegshi-ltx.sty
Package: atbegshi-ltx 2021/01/10 v1.0c Emulation of the original atbegshi
package with kernel methods
)
\Hy@abspage=\count308
\c@Item=\count309
\c@Hfootnote=\count310
)
Package hyperref Info: Driver (autodetected): hpdftex.
(/Users/emreusenmez/Library/TinyTeX/texmf-dist/tex/latex/hyperref/hpdftex.def
File: hpdftex.def 2024-11-05 v7.01l Hyperref driver for pdfTeX
(/Users/emreusenmez/Library/TinyTeX/texmf-dist/tex/latex/base/atveryend-ltx.sty
Package: atveryend-ltx 2020/08/19 v1.0a Emulation of the original atveryend package
with kernel methods
)
\Fld@listcount=\count311
\c@bookmark@seq@number=\count312
(/Users/emreusenmez/Library/TinyTeX/texmf-dist/tex/latex/rerunfilecheck/rerunfilecheck.sty
Package: rerunfilecheck 2022-07-10 v1.10 Rerun checks for auxiliary files (HO)
(/Users/emreusenmez/Library/TinyTeX/texmf-dist/tex/generic/uniquecounter/uniquecounter.sty
Package: uniquecounter 2019/12/15 v1.4 Provide unlimited unique counter (HO)
)
Package uniquecounter Info: New unique counter `rerunfilecheck' on input line 285.
)
\Hy@SectionHShift=\skip58
)
Package hyperref Info: Option `breaklinks' set `true' on input line 51.

Package hyperref Warning: Option `bookmarks' has already been used,
(hyperref)                setting the option has no effect on input line 51.

Package hyperref Info: Option `colorlinks' set `false' on input line 51.
(/Users/emreusenmez/Library/TinyTeX/texmf-dist/tex/latex/caption/subcaption.sty
Package: subcaption 2023/07/28 v1.6b Sub-captions (AR)
(/Users/emreusenmez/Library/TinyTeX/texmf-dist/tex/latex/caption/caption.sty
Package: caption 2023/08/05 v3.6o Customizing captions (AR)
(/Users/emreusenmez/Library/TinyTeX/texmf-dist/tex/latex/caption/caption3.sty
Package: caption3 2023/07/31 v2.4d caption3 kernel (AR)
\caption@tempdima=\dimen175
\captionmargin=\dimen176
\caption@leftmargin=\dimen177
\caption@rightmargin=\dimen178
\caption@width=\dimen179
\caption@indent=\dimen180
\caption@parindent=\dimen181
\caption@hangindent=\dimen182
Package caption Info: elsarticle document class detected.
(/Users/emreusenmez/Library/TinyTeX/texmf-dist/tex/latex/caption/caption-elsarticle.sto
File: caption-elsarticle.sto 2020/08/22 v2.0 Adaption of the caption package to the elsarticle document class (AR)
))
\c@caption@flags=\count313
\c@continuedfloat=\count314
Package caption Info: hyperref package is loaded.
)
Package caption Info: New subtype `subfigure' on input line 238.
\c@subfigure=\count315
Package caption Info: New subtype `subtable' on input line 238.
\c@subtable=\count316
) (/Users/emreusenmez/Library/TinyTeX/texmf-dist/tex/latex/pdflscape/pdflscape.sty
Package: pdflscape 2022-10-27 v0.13 Display of landscape pages in PDF
(/Users/emreusenmez/Library/TinyTeX/texmf-dist/tex/latex/pdflscape/pdflscape-nometadata.sty
Package: pdflscape-nometadata 2022-10-28 v0.13 Display of landscape pages in PDF (HO)
(/Users/emreusenmez/Library/TinyTeX/texmf-dist/tex/latex/graphics/lscape.sty
Package: lscape 2020/05/28 v3.02 Landscape Pages (DPC)
)
Package pdflscape Info: Auto-detected driver: pdftex on input line 81.
)) (/Users/emreusenmez/Library/TinyTeX/texmf-dist/tex/latex/float/float.sty
Package: float 2001/11/08 v1.3d Float enhancements (AL)
\c@float@type=\count317
\float@exts=\toks30
\float@box=\box62
\@float@everytoks=\toks31
\@floatcapt=\box63
)
LaTeX Font Info:    Trying to load font information for T1+lmr on input line 68.
(/Users/emreusenmez/Library/TinyTeX/texmf-dist/tex/latex/lm/t1lmr.fd
File: t1lmr.fd 2015/05/01 v1.6.1 Font defs for Latin Modern
) (./EUA-Connectedness-no-Author-info.aux)
\openout1 = `EUA-Connectedness-no-Author-info.aux'.

LaTeX Font Info:    Checking defaults for OML/cmm/m/it on input line 68.
LaTeX Font Info:    ... okay on input line 68.
LaTeX Font Info:    Checking defaults for OMS/cmsy/m/n on input line 68.
LaTeX Font Info:    ... okay on input line 68.
LaTeX Font Info:    Checking defaults for OT1/cmr/m/n on input line 68.
LaTeX Font Info:    ... okay on input line 68.
LaTeX Font Info:    Checking defaults for T1/cmr/m/n on input line 68.
LaTeX Font Info:    ... okay on input line 68.
LaTeX Font Info:    Checking defaults for TS1/cmr/m/n on input line 68.
LaTeX Font Info:    ... okay on input line 68.
LaTeX Font Info:    Checking defaults for OMX/cmex/m/n on input line 68.
LaTeX Font Info:    ... okay on input line 68.
LaTeX Font Info:    Checking defaults for U/cmr/m/n on input line 68.
LaTeX Font Info:    ... okay on input line 68.
LaTeX Font Info:    Checking defaults for PD1/pdf/m/n on input line 68.
LaTeX Font Info:    ... okay on input line 68.
LaTeX Font Info:    Checking defaults for PU/pdf/m/n on input line 68.
LaTeX Font Info:    ... okay on input line 68.
(/Users/emreusenmez/Library/TinyTeX/texmf-dist/tex/latex/epstopdf-pkg/epstopdf-base.sty
Package: epstopdf-base 2020-01-24 v2.11 Base part for package epstopdf
Package epstopdf-base Info: Redefining graphics rule for `.eps' on input line 485.
(/Users/emreusenmez/Library/TinyTeX/texmf-dist/tex/latex/latexconfig/epstopdf-sys.cfg
File: epstopdf-sys.cfg 2010/07/13 v1.3 Configuration of (r)epstopdf for TeX Live
))
*geometry* driver: auto-detecting
*geometry* detected driver: pdftex
*geometry* verbose mode - [ preamble ] result:
* driver: pdftex
* paper: custom
* layout: <same size as paper>
* layoutoffset:(h,v)=(0.0pt,0.0pt)
* hratio: 1:1
* vratio: 1:1
* modes: 
* h-part:(L,W,R)=(64.75394pt, 468.0pt, 64.75394pt)
* v-part:(T,H,B)=(111.52342pt, 622.0pt, 111.52342pt)
* \paperwidth=597.50787pt
* \paperheight=845.04684pt
* \textwidth=468.0pt
* \textheight=622.0pt
* \oddsidemargin=-7.51605pt
* \evensidemargin=-7.51605pt
* \topmargin=-22.74657pt
* \headheight=50.0pt
* \headsep=12.0pt
* \topskip=10.0pt
* \footskip=18.0pt
* \marginparwidth=65.0pt
* \marginparsep=11.0pt
* \columnsep=24.0pt
* \skip\footins=24.0pt plus 2.0pt minus 12.0pt
* \hoffset=0.0pt
* \voffset=0.0pt
* \mag=1000
* \@twocolumnfalse
* \@twosidefalse
* \@mparswitchfalse
* \@reversemarginfalse
* (1in=72.27pt=25.4mm, 1cm=28.453pt)

Package hyperref Info: Link coloring OFF on input line 68.
(./EUA-Connectedness-no-Author-info.out) (./EUA-Connectedness-no-Author-info.out)
\@outlinefile=\write4
\openout4 = `EUA-Connectedness-no-Author-info.out'.

Package caption Info: Begin \AtBeginDocument code.
Package caption Info: float package is loaded.
Package caption Info: End \AtBeginDocument code.
LaTeX Font Info:    Trying to load font information for OT1+lmr on input line 103.
(/Users/emreusenmez/Library/TinyTeX/texmf-dist/tex/latex/lm/ot1lmr.fd
File: ot1lmr.fd 2015/05/01 v1.6.1 Font defs for Latin Modern
)
LaTeX Font Info:    Trying to load font information for OML+lmm on input line 103.
(/Users/emreusenmez/Library/TinyTeX/texmf-dist/tex/latex/lm/omllmm.fd
File: omllmm.fd 2015/05/01 v1.6.1 Font defs for Latin Modern
)
LaTeX Font Info:    Trying to load font information for OMS+lmsy on input line 103.
(/Users/emreusenmez/Library/TinyTeX/texmf-dist/tex/latex/lm/omslmsy.fd
File: omslmsy.fd 2015/05/01 v1.6.1 Font defs for Latin Modern
)
LaTeX Font Info:    Trying to load font information for OMX+lmex on input line 103.
(/Users/emreusenmez/Library/TinyTeX/texmf-dist/tex/latex/lm/omxlmex.fd
File: omxlmex.fd 2015/05/01 v1.6.1 Font defs for Latin Modern
)
LaTeX Font Info:    External font `lmex10' loaded for size
(Font)              <8> on input line 103.
LaTeX Font Info:    External font `lmex10' loaded for size
(Font)              <6> on input line 103.
LaTeX Font Info:    External font `lmex10' loaded for size
(Font)              <5> on input line 103.
LaTeX Font Info:    Trying to load font information for U+msa on input line 103.
(/Users/emreusenmez/Library/TinyTeX/texmf-dist/tex/latex/amsfonts/umsa.fd
File: umsa.fd 2013/01/14 v3.01 AMS symbols A
)
LaTeX Font Info:    Trying to load font information for U+msb on input line 103.
(/Users/emreusenmez/Library/TinyTeX/texmf-dist/tex/latex/amsfonts/umsb.fd
File: umsb.fd 2013/01/14 v3.01 AMS symbols B
)
LaTeX Font Info:    External font `lmex10' loaded for size
(Font)              <10> on input line 106.
LaTeX Font Info:    External font `lmex10' loaded for size
(Font)              <7> on input line 106.



Overfull \hbox (2.22221pt too wide) has occurred while \output is active
[] 
 []

[1

{/Users/emreusenmez/Library/TinyTeX/texmf-var/fonts/map/pdftex/updmap/pdftex.map}{/Users/emreusenmez/Library/TinyTeX/texmf-dist/fonts/enc/dvips/lm/lm-ec.enc}{/Users/emreusenmez/Library/TinyTeX/texmf-dist/fonts/enc/dvips/lm/lm-rm.enc}{/Users/emreusenmez/Library/TinyTeX/texmf-dist/fonts/enc/dvips/lm/lm-mathsy.enc}]

[2]

[3]
<./figures/1EUAPrice.png, id=566, 432.11438pt x 255.20343pt>
File: ./figures/1EUAPrice.png Graphic file (type png)
<use ./figures/1EUAPrice.png>
Package pdftex.def Info: ./figures/1EUAPrice.png  used on input line 357.
(pdftex.def)             Requested size: 468.0pt x 276.4061pt.


[4]
Overfull \hbox (24.7547pt too wide) in paragraph at lines 395--409
[][] 
 []


Overfull \hbox (21.36565pt too wide) in paragraph at lines 411--425
[][] 
 []



[5{/Users/emreusenmez/Library/TinyTeX/texmf-dist/fonts/enc/dvips/lm/lm-mathit.enc} <./figures/1EUAPrice.png>]

[6{/Users/emreusenmez/Library/TinyTeX/texmf-dist/fonts/enc/dvips/lm/lm-mathex.enc}]

[7]
Overfull \hbox (2.22221pt too wide) in paragraph at lines 598--610
[]$[]$ $[]$ 
 []



[8]
<./figures/2aDynRetTCI.png, id=731, 504.38437pt x 301.8778pt>
File: ./figures/2aDynRetTCI.png Graphic file (type png)
<use ./figures/2aDynRetTCI.png>
Package pdftex.def Info: ./figures/2aDynRetTCI.png  used on input line 661.
(pdftex.def)             Requested size: 351.0pt x 210.07854pt.
<./figures/2bDynVolTCI.png, id=732, 529.22719pt x 297.36093pt>
File: ./figures/2bDynVolTCI.png Graphic file (type png)
<use ./figures/2bDynVolTCI.png>
Package pdftex.def Info: ./figures/2bDynVolTCI.png  used on input line 670.
(pdftex.def)             Requested size: 351.0pt x 197.22073pt.


[9 <./figures/2aDynRetTCI.png>]
<./figures/3aDynRetNDC.png, id=742, 646.66594pt x 326.72063pt>
File: ./figures/3aDynRetNDC.png Graphic file (type png)
<use ./figures/3aDynRetNDC.png>
Package pdftex.def Info: ./figures/3aDynRetNDC.png  used on input line 706.
(pdftex.def)             Requested size: 351.0pt x 177.33882pt.
<./figures/3bDynVolNDC.png, id=743, 724.20563pt x 314.67563pt>
File: ./figures/3bDynVolNDC.png Graphic file (type png)
<use ./figures/3bDynVolNDC.png>
Package pdftex.def Info: ./figures/3bDynVolNDC.png  used on input line 715.
(pdftex.def)             Requested size: 351.0pt x 152.51665pt.


[10 <./figures/2bDynVolTCI.png> <./figures/3aDynRetNDC.png>]
<./figures/4aStatRetPCI.png, id=755, 420.82219pt x 360.59718pt>
File: ./figures/4aStatRetPCI.png Graphic file (type png)
<use ./figures/4aStatRetPCI.png>
Package pdftex.def Info: ./figures/4aStatRetPCI.png  used on input line 770.
(pdftex.def)             Requested size: 280.80286pt x 240.61945pt.
<./figures/4bStatVolPCI.png, id=756, 420.82219pt x 349.305pt>
File: ./figures/4bStatVolPCI.png Graphic file (type png)
<use ./figures/4bStatVolPCI.png>
Package pdftex.def Info: ./figures/4bStatVolPCI.png  used on input line 779.
(pdftex.def)             Requested size: 280.80286pt x 233.0844pt.


[11 <./figures/3bDynVolNDC.png>]

[12 <./figures/4aStatRetPCI.png> <./figures/4bStatVolPCI.png>]
<./figures/5aDynRetPCI.png, id=791, 569.12625pt x 257.46187pt>
File: ./figures/5aDynRetPCI.png Graphic file (type png)
<use ./figures/5aDynRetPCI.png>
Package pdftex.def Info: ./figures/5aDynRetPCI.png  used on input line 840.
(pdftex.def)             Requested size: 421.19714pt x 190.55022pt.
<./figures/5bDynVolPCI.png, id=792, 450.9347pt x 199.49532pt>
File: ./figures/5bDynVolPCI.png Graphic file (type png)
<use ./figures/5bDynVolPCI.png>
Package pdftex.def Info: ./figures/5bDynVolPCI.png  used on input line 849.
(pdftex.def)             Requested size: 421.19714pt x 186.34755pt.


[13 <./figures/5aDynRetPCI.png>]

[14 <./figures/5bDynVolPCI.png>]

[15]

[16]
<./figures/6aApdxB-DynRetNDCfull.png, id=829, 803.0pt x 602.25pt>
File: ./figures/6aApdxB-DynRetNDCfull.png Graphic file (type png)
<use ./figures/6aApdxB-DynRetNDCfull.png>
Package pdftex.def Info: ./figures/6aApdxB-DynRetNDCfull.png  used on input line 1083.
(pdftex.def)             Requested size: 585.0pt x 438.77502pt.

Overfull \hbox (117.0pt too wide) in paragraph at lines 1083--1084
[][] 
 []

<./figures/6bApdxB-DynVolNDCfull.png, id=830, 803.0pt x 602.25pt>
File: ./figures/6bApdxB-DynVolNDCfull.png Graphic file (type png)
<use ./figures/6bApdxB-DynVolNDCfull.png>
Package pdftex.def Info: ./figures/6bApdxB-DynVolNDCfull.png  used on input line 1092.
(pdftex.def)             Requested size: 585.0pt x 438.77502pt.

Overfull \hbox (117.0pt too wide) in paragraph at lines 1092--1093
[][] 
 []



[17

]

[18]
Overfull \vbox (33.21944pt too high) has occurred while \output is active []



[19 <./figures/6aApdxB-DynRetNDCfull.png>]

[20 <./figures/6bApdxB-DynVolNDCfull.png>]
<./figures/7aApdxC-DynRetPCIfull.png, id=853, 803.0pt x 602.25pt>
File: ./figures/7aApdxC-DynRetPCIfull.png Graphic file (type png)
<use ./figures/7aApdxC-DynRetPCIfull.png>
Package pdftex.def Info: ./figures/7aApdxC-DynRetPCIfull.png  used on input line 1106.
(pdftex.def)             Requested size: 514.80286pt x 386.1279pt.

Overfull \hbox (46.80286pt too wide) in paragraph at lines 1106--1107
[][] 
 []

<./figures/7bApdxC-DynVolPCIfull.png, id=854, 803.0pt x 602.25pt>
File: ./figures/7bApdxC-DynVolPCIfull.png Graphic file (type png)
<use ./figures/7bApdxC-DynVolPCIfull.png>
Package pdftex.def Info: ./figures/7bApdxC-DynVolPCIfull.png  used on input line 1115.
(pdftex.def)             Requested size: 561.59857pt x 421.22292pt.

Overfull \hbox (93.59857pt too wide) in paragraph at lines 1115--1116
[][] 
 []



[21 <./figures/7aApdxC-DynRetPCIfull.png>]

LaTeX Warning: Text page 22 contains only floats.



[22 <./figures/7bApdxC-DynVolPCIfull.png>]
<./figures/8aApdxD-10-180-RetNDC.png, id=867, 803.0pt x 602.25pt>
File: ./figures/8aApdxD-10-180-RetNDC.png Graphic file (type png)
<use ./figures/8aApdxD-10-180-RetNDC.png>
Package pdftex.def Info: ./figures/8aApdxD-10-180-RetNDC.png  used on input line 1180.
(pdftex.def)             Requested size: 585.0pt x 438.77502pt.

Overfull \hbox (117.0pt too wide) in paragraph at lines 1180--1181
[][] 
 []

<./figures/8bApdxD-10-180-VolNDC.png, id=868, 803.0pt x 602.25pt>
File: ./figures/8bApdxD-10-180-VolNDC.png Graphic file (type png)
<use ./figures/8bApdxD-10-180-VolNDC.png>
Package pdftex.def Info: ./figures/8bApdxD-10-180-VolNDC.png  used on input line 1188.
(pdftex.def)             Requested size: 585.0pt x 438.77502pt.

Overfull \hbox (117.0pt too wide) in paragraph at lines 1188--1189
[][] 
 []



[23]

[24]
Overfull \vbox (28.21944pt too high) has occurred while \output is active []



[25 <./figures/8aApdxD-10-180-RetNDC.png>]
<./figures/9aApdxD-10-180-RetNtwrk.png, id=885, 803.0pt x 602.25pt>
File: ./figures/9aApdxD-10-180-RetNtwrk.png Graphic file (type png)
<use ./figures/9aApdxD-10-180-RetNtwrk.png>
Package pdftex.def Info: ./figures/9aApdxD-10-180-RetNtwrk.png  used on input line 1199.
(pdftex.def)             Requested size: 374.40143pt x 280.80609pt.
<./figures/9bApdxD-10-180-VolNtwrk.png, id=886, 803.0pt x 602.25pt>
File: ./figures/9bApdxD-10-180-VolNtwrk.png Graphic file (type png)
<use ./figures/9bApdxD-10-180-VolNtwrk.png>
Package pdftex.def Info: ./figures/9bApdxD-10-180-VolNtwrk.png  used on input line 1203.
(pdftex.def)             Requested size: 374.40143pt x 280.80609pt.

Overfull \hbox (129.02507pt too wide) in paragraph at lines 1198--1205
[]$[]$  $[]$ 
 []



[26 <./figures/8bApdxD-10-180-VolNDC.png>]

[27 <./figures/9aApdxD-10-180-RetNtwrk.png> <./figures/9bApdxD-10-180-VolNtwrk.png>]
<./figures/10aApdxD-10-180-RetPCI.png, id=901, 803.0pt x 602.25pt>
File: ./figures/10aApdxD-10-180-RetPCI.png Graphic file (type png)
<use ./figures/10aApdxD-10-180-RetPCI.png>
Package pdftex.def Info: ./figures/10aApdxD-10-180-RetPCI.png  used on input line 1218.
(pdftex.def)             Requested size: 514.80286pt x 386.1279pt.

Overfull \hbox (46.80286pt too wide) in paragraph at lines 1218--1219
[][] 
 []

<./figures/10bApdxD-10-180-VolPCI.png, id=902, 803.0pt x 602.25pt>
File: ./figures/10bApdxD-10-180-VolPCI.png Graphic file (type png)
<use ./figures/10bApdxD-10-180-VolPCI.png>
Package pdftex.def Info: ./figures/10bApdxD-10-180-VolPCI.png  used on input line 1226.
(pdftex.def)             Requested size: 561.59857pt x 421.22292pt.

Overfull \hbox (93.59857pt too wide) in paragraph at lines 1226--1227
[][] 
 []



[28 <./figures/10aApdxD-10-180-RetPCI.png>]

LaTeX Warning: Text page 29 contains only floats.



[29 <./figures/10bApdxD-10-180-VolPCI.png>]
<./figures/11aApdxD-10-220-RetNDC.png, id=915, 803.0pt x 602.25pt>
File: ./figures/11aApdxD-10-220-RetNDC.png Graphic file (type png)
<use ./figures/11aApdxD-10-220-RetNDC.png>
Package pdftex.def Info: ./figures/11aApdxD-10-220-RetNDC.png  used on input line 1291.
(pdftex.def)             Requested size: 585.0pt x 438.77502pt.

Overfull \hbox (117.0pt too wide) in paragraph at lines 1291--1292
[][] 
 []

<./figures/11bApdxD-10-220-VolNDC.png, id=916, 803.0pt x 602.25pt>
File: ./figures/11bApdxD-10-220-VolNDC.png Graphic file (type png)
<use ./figures/11bApdxD-10-220-VolNDC.png>
Package pdftex.def Info: ./figures/11bApdxD-10-220-VolNDC.png  used on input line 1299.
(pdftex.def)             Requested size: 585.0pt x 438.77502pt.

Overfull \hbox (117.0pt too wide) in paragraph at lines 1299--1300
[][] 
 []



[30]

[31]
Overfull \vbox (28.21944pt too high) has occurred while \output is active []



[32 <./figures/11aApdxD-10-220-RetNDC.png>]
<./figures/12aApdxD-10-220-RetNtwrk.png, id=933, 803.0pt x 602.25pt>
File: ./figures/12aApdxD-10-220-RetNtwrk.png Graphic file (type png)
<use ./figures/12aApdxD-10-220-RetNtwrk.png>
Package pdftex.def Info: ./figures/12aApdxD-10-220-RetNtwrk.png  used on input line 1310.
(pdftex.def)             Requested size: 374.40143pt x 280.80609pt.
<./figures/12bApdxD-10-220-VolNtwrk.png, id=934, 803.0pt x 602.25pt>
File: ./figures/12bApdxD-10-220-VolNtwrk.png Graphic file (type png)
<use ./figures/12bApdxD-10-220-VolNtwrk.png>
Package pdftex.def Info: ./figures/12bApdxD-10-220-VolNtwrk.png  used on input line 1314.
(pdftex.def)             Requested size: 374.40143pt x 280.80609pt.

Overfull \hbox (129.02507pt too wide) in paragraph at lines 1309--1316
[]$[]$  $[]$ 
 []



[33 <./figures/11bApdxD-10-220-VolNDC.png>]

[34 <./figures/12aApdxD-10-220-RetNtwrk.png> <./figures/12bApdxD-10-220-VolNtwrk.png>]
<./figures/13aApdxD-10-220-RetPCI.png, id=948, 803.0pt x 602.25pt>
File: ./figures/13aApdxD-10-220-RetPCI.png Graphic file (type png)
<use ./figures/13aApdxD-10-220-RetPCI.png>
Package pdftex.def Info: ./figures/13aApdxD-10-220-RetPCI.png  used on input line 1329.
(pdftex.def)             Requested size: 514.80286pt x 386.1279pt.

Overfull \hbox (46.80286pt too wide) in paragraph at lines 1329--1330
[][] 
 []

<./figures/13bApdxD-10-220-VolPCI.png, id=949, 803.0pt x 602.25pt>
File: ./figures/13bApdxD-10-220-VolPCI.png Graphic file (type png)
<use ./figures/13bApdxD-10-220-VolPCI.png>
Package pdftex.def Info: ./figures/13bApdxD-10-220-VolPCI.png  used on input line 1337.
(pdftex.def)             Requested size: 561.59857pt x 421.22292pt.

Overfull \hbox (93.59857pt too wide) in paragraph at lines 1337--1338
[][] 
 []



[35 <./figures/13aApdxD-10-220-RetPCI.png>]

LaTeX Warning: Text page 36 contains only floats.



[36 <./figures/13bApdxD-10-220-VolPCI.png>]
<./figures/14aApdxD-8-180-RetNDC.png, id=962, 803.0pt x 602.25pt>
File: ./figures/14aApdxD-8-180-RetNDC.png Graphic file (type png)
<use ./figures/14aApdxD-8-180-RetNDC.png>
Package pdftex.def Info: ./figures/14aApdxD-8-180-RetNDC.png  used on input line 1403.
(pdftex.def)             Requested size: 585.0pt x 438.77502pt.

Overfull \hbox (117.0pt too wide) in paragraph at lines 1403--1404
[][] 
 []

<./figures/14bApdxD-8-180-VolNDC.png, id=963, 803.0pt x 602.25pt>
File: ./figures/14bApdxD-8-180-VolNDC.png Graphic file (type png)
<use ./figures/14bApdxD-8-180-VolNDC.png>
Package pdftex.def Info: ./figures/14bApdxD-8-180-VolNDC.png  used on input line 1411.
(pdftex.def)             Requested size: 585.0pt x 438.77502pt.

Overfull \hbox (117.0pt too wide) in paragraph at lines 1411--1412
[][] 
 []



[37]

[38]
Overfull \vbox (28.21944pt too high) has occurred while \output is active []



[39 <./figures/14aApdxD-8-180-RetNDC.png>]
<./figures/15aApdxD-8-180-RetNtwrk.png, id=980, 803.0pt x 602.25pt>
File: ./figures/15aApdxD-8-180-RetNtwrk.png Graphic file (type png)
<use ./figures/15aApdxD-8-180-RetNtwrk.png>
Package pdftex.def Info: ./figures/15aApdxD-8-180-RetNtwrk.png  used on input line 1422.
(pdftex.def)             Requested size: 374.40143pt x 280.80609pt.
<./figures/15bApdxD-8-180-VolNtwrk.png, id=981, 803.0pt x 602.25pt>
File: ./figures/15bApdxD-8-180-VolNtwrk.png Graphic file (type png)
<use ./figures/15bApdxD-8-180-VolNtwrk.png>
Package pdftex.def Info: ./figures/15bApdxD-8-180-VolNtwrk.png  used on input line 1426.
(pdftex.def)             Requested size: 374.40143pt x 280.80609pt.

Overfull \hbox (129.02507pt too wide) in paragraph at lines 1421--1428
[]$[]$  $[]$ 
 []



[40 <./figures/14bApdxD-8-180-VolNDC.png>]

[41 <./figures/15aApdxD-8-180-RetNtwrk.png> <./figures/15bApdxD-8-180-VolNtwrk.png>]
<./figures/16aApdxD-8-180-RetPCI.png, id=995, 803.0pt x 602.25pt>
File: ./figures/16aApdxD-8-180-RetPCI.png Graphic file (type png)
<use ./figures/16aApdxD-8-180-RetPCI.png>
Package pdftex.def Info: ./figures/16aApdxD-8-180-RetPCI.png  used on input line 1441.
(pdftex.def)             Requested size: 514.80286pt x 386.1279pt.

Overfull \hbox (46.80286pt too wide) in paragraph at lines 1441--1442
[][] 
 []

<./figures/16bApdxD-8-180-VolPCI.png, id=996, 803.0pt x 602.25pt>
File: ./figures/16bApdxD-8-180-VolPCI.png Graphic file (type png)
<use ./figures/16bApdxD-8-180-VolPCI.png>
Package pdftex.def Info: ./figures/16bApdxD-8-180-VolPCI.png  used on input line 1449.
(pdftex.def)             Requested size: 561.59857pt x 421.22292pt.

Overfull \hbox (93.59857pt too wide) in paragraph at lines 1449--1450
[][] 
 []



[42 <./figures/16aApdxD-8-180-RetPCI.png>]

LaTeX Warning: Text page 43 contains only floats.



[43 <./figures/16bApdxD-8-180-VolPCI.png>]
<./figures/17aApdxD-8-200-RetNDC.png, id=1010, 803.0pt x 602.25pt>
File: ./figures/17aApdxD-8-200-RetNDC.png Graphic file (type png)
<use ./figures/17aApdxD-8-200-RetNDC.png>
Package pdftex.def Info: ./figures/17aApdxD-8-200-RetNDC.png  used on input line 1518.
(pdftex.def)             Requested size: 585.0pt x 438.77502pt.

Overfull \hbox (117.0pt too wide) in paragraph at lines 1518--1519
[][] 
 []

<./figures/17bApdxD-8-200-VolNDC.png, id=1011, 803.0pt x 602.25pt>
File: ./figures/17bApdxD-8-200-VolNDC.png Graphic file (type png)
<use ./figures/17bApdxD-8-200-VolNDC.png>
Package pdftex.def Info: ./figures/17bApdxD-8-200-VolNDC.png  used on input line 1526.
(pdftex.def)             Requested size: 585.0pt x 438.77502pt.

Overfull \hbox (117.0pt too wide) in paragraph at lines 1526--1527
[][] 
 []



[44]

[45]
Overfull \vbox (28.21944pt too high) has occurred while \output is active []



[46 <./figures/17aApdxD-8-200-RetNDC.png>]
<./figures/18aApdxD-8-200-RetNtwrk.png, id=1027, 803.0pt x 602.25pt>
File: ./figures/18aApdxD-8-200-RetNtwrk.png Graphic file (type png)
<use ./figures/18aApdxD-8-200-RetNtwrk.png>
Package pdftex.def Info: ./figures/18aApdxD-8-200-RetNtwrk.png  used on input line 1537.
(pdftex.def)             Requested size: 374.40143pt x 280.80609pt.
<./figures/18bApdxD-8-200-VolNtwrk.png, id=1028, 803.0pt x 602.25pt>
File: ./figures/18bApdxD-8-200-VolNtwrk.png Graphic file (type png)
<use ./figures/18bApdxD-8-200-VolNtwrk.png>
Package pdftex.def Info: ./figures/18bApdxD-8-200-VolNtwrk.png  used on input line 1541.
(pdftex.def)             Requested size: 374.40143pt x 280.80609pt.

Overfull \hbox (129.02507pt too wide) in paragraph at lines 1536--1543
[]$[]$  $[]$ 
 []



[47 <./figures/17bApdxD-8-200-VolNDC.png>]

[48 <./figures/18aApdxD-8-200-RetNtwrk.png> <./figures/18bApdxD-8-200-VolNtwrk.png>]
<./figures/19aApdxD-8-200-RetPCI.png, id=1043, 803.0pt x 602.25pt>
File: ./figures/19aApdxD-8-200-RetPCI.png Graphic file (type png)
<use ./figures/19aApdxD-8-200-RetPCI.png>
Package pdftex.def Info: ./figures/19aApdxD-8-200-RetPCI.png  used on input line 1556.
(pdftex.def)             Requested size: 514.80286pt x 386.1279pt.

Overfull \hbox (46.80286pt too wide) in paragraph at lines 1556--1557
[][] 
 []

<./figures/19bApdxD-8-200-VolPCI.png, id=1044, 803.0pt x 602.25pt>
File: ./figures/19bApdxD-8-200-VolPCI.png Graphic file (type png)
<use ./figures/19bApdxD-8-200-VolPCI.png>
Package pdftex.def Info: ./figures/19bApdxD-8-200-VolPCI.png  used on input line 1564.
(pdftex.def)             Requested size: 561.59857pt x 421.22292pt.

Overfull \hbox (93.59857pt too wide) in paragraph at lines 1564--1565
[][] 
 []



[49 <./figures/19aApdxD-8-200-RetPCI.png>]

LaTeX Warning: Text page 50 contains only floats.



[50 <./figures/19bApdxD-8-200-VolPCI.png>]
<./figures/20aApdxD-8-220-RetNDC.png, id=1058, 803.0pt x 602.25pt>
File: ./figures/20aApdxD-8-220-RetNDC.png Graphic file (type png)
<use ./figures/20aApdxD-8-220-RetNDC.png>
Package pdftex.def Info: ./figures/20aApdxD-8-220-RetNDC.png  used on input line 1632.
(pdftex.def)             Requested size: 585.0pt x 438.77502pt.

Overfull \hbox (117.0pt too wide) in paragraph at lines 1632--1633
[][] 
 []

<./figures/20bApdxD-8-220-VolNDC.png, id=1059, 803.0pt x 602.25pt>
File: ./figures/20bApdxD-8-220-VolNDC.png Graphic file (type png)
<use ./figures/20bApdxD-8-220-VolNDC.png>
Package pdftex.def Info: ./figures/20bApdxD-8-220-VolNDC.png  used on input line 1640.
(pdftex.def)             Requested size: 585.0pt x 438.77502pt.

Overfull \hbox (117.0pt too wide) in paragraph at lines 1640--1641
[][] 
 []



[51]

[52]
Overfull \vbox (28.21944pt too high) has occurred while \output is active []



[53 <./figures/20aApdxD-8-220-RetNDC.png>]
<./figures/21aApdxD-8-220-RetNtwrk.png, id=1075, 803.0pt x 602.25pt>
File: ./figures/21aApdxD-8-220-RetNtwrk.png Graphic file (type png)
<use ./figures/21aApdxD-8-220-RetNtwrk.png>
Package pdftex.def Info: ./figures/21aApdxD-8-220-RetNtwrk.png  used on input line 1651.
(pdftex.def)             Requested size: 374.40143pt x 280.80609pt.
<./figures/21bApdxD-8-220-VolNtwrk.png, id=1076, 803.0pt x 602.25pt>
File: ./figures/21bApdxD-8-220-VolNtwrk.png Graphic file (type png)
<use ./figures/21bApdxD-8-220-VolNtwrk.png>
Package pdftex.def Info: ./figures/21bApdxD-8-220-VolNtwrk.png  used on input line 1655.
(pdftex.def)             Requested size: 374.40143pt x 280.80609pt.

Overfull \hbox (129.02507pt too wide) in paragraph at lines 1650--1657
[]$[]$  $[]$ 
 []



[54 <./figures/20bApdxD-8-220-VolNDC.png>]

[55 <./figures/21aApdxD-8-220-RetNtwrk.png> <./figures/21bApdxD-8-220-VolNtwrk.png>]
<./figures/22aApdxD-8-220-RetPCI.png, id=1091, 803.0pt x 602.25pt>
File: ./figures/22aApdxD-8-220-RetPCI.png Graphic file (type png)
<use ./figures/22aApdxD-8-220-RetPCI.png>
Package pdftex.def Info: ./figures/22aApdxD-8-220-RetPCI.png  used on input line 1670.
(pdftex.def)             Requested size: 514.80286pt x 386.1279pt.

Overfull \hbox (46.80286pt too wide) in paragraph at lines 1670--1671
[][] 
 []

<./figures/22bApdxD-8-220-VolPCI.png, id=1092, 803.0pt x 602.25pt>
File: ./figures/22bApdxD-8-220-VolPCI.png Graphic file (type png)
<use ./figures/22bApdxD-8-220-VolPCI.png>
Package pdftex.def Info: ./figures/22bApdxD-8-220-VolPCI.png  used on input line 1678.
(pdftex.def)             Requested size: 561.59857pt x 421.22292pt.

Overfull \hbox (93.59857pt too wide) in paragraph at lines 1678--1679
[][] 
 []



[56 <./figures/22aApdxD-8-220-RetPCI.png>]

LaTeX Warning: Text page 57 contains only floats.



[57 <./figures/22bApdxD-8-220-VolPCI.png>]
<./figures/23aApdxD-12-180-RetNDC.png, id=1105, 803.0pt x 602.25pt>
File: ./figures/23aApdxD-12-180-RetNDC.png Graphic file (type png)
<use ./figures/23aApdxD-12-180-RetNDC.png>
Package pdftex.def Info: ./figures/23aApdxD-12-180-RetNDC.png  used on input line 1748.
(pdftex.def)             Requested size: 585.0pt x 438.77502pt.

Overfull \hbox (117.0pt too wide) in paragraph at lines 1748--1749
[][] 
 []

<./figures/23bApdxD-12-180-VolNDC.png, id=1106, 803.0pt x 602.25pt>
File: ./figures/23bApdxD-12-180-VolNDC.png Graphic file (type png)
<use ./figures/23bApdxD-12-180-VolNDC.png>
Package pdftex.def Info: ./figures/23bApdxD-12-180-VolNDC.png  used on input line 1756.
(pdftex.def)             Requested size: 585.0pt x 438.77502pt.

Overfull \hbox (117.0pt too wide) in paragraph at lines 1756--1757
[][] 
 []



[58]

[59]
Overfull \vbox (28.21944pt too high) has occurred while \output is active []



[60 <./figures/23aApdxD-12-180-RetNDC.png>]
<./figures/24aApdxD-12-180-RetNtwrk.png, id=1122, 803.0pt x 602.25pt>
File: ./figures/24aApdxD-12-180-RetNtwrk.png Graphic file (type png)
<use ./figures/24aApdxD-12-180-RetNtwrk.png>
Package pdftex.def Info: ./figures/24aApdxD-12-180-RetNtwrk.png  used on input line 1767.
(pdftex.def)             Requested size: 374.40143pt x 280.80609pt.
<./figures/24bApdxD-12-180-VolNtwrk.png, id=1123, 803.0pt x 602.25pt>
File: ./figures/24bApdxD-12-180-VolNtwrk.png Graphic file (type png)
<use ./figures/24bApdxD-12-180-VolNtwrk.png>
Package pdftex.def Info: ./figures/24bApdxD-12-180-VolNtwrk.png  used on input line 1771.
(pdftex.def)             Requested size: 374.40143pt x 280.80609pt.

Overfull \hbox (129.02507pt too wide) in paragraph at lines 1766--1773
[]$[]$  $[]$ 
 []



[61 <./figures/23bApdxD-12-180-VolNDC.png>]

[62 <./figures/24aApdxD-12-180-RetNtwrk.png> <./figures/24bApdxD-12-180-VolNtwrk.png>]
<./figures/25aApdxD-12-180-RetPCI.png, id=1138, 803.0pt x 602.25pt>
File: ./figures/25aApdxD-12-180-RetPCI.png Graphic file (type png)
<use ./figures/25aApdxD-12-180-RetPCI.png>
Package pdftex.def Info: ./figures/25aApdxD-12-180-RetPCI.png  used on input line 1786.
(pdftex.def)             Requested size: 514.80286pt x 386.1279pt.

Overfull \hbox (46.80286pt too wide) in paragraph at lines 1786--1787
[][] 
 []

<./figures/25bApdxD-12-180-VolPCI.png, id=1139, 803.0pt x 602.25pt>
File: ./figures/25bApdxD-12-180-VolPCI.png Graphic file (type png)
<use ./figures/25bApdxD-12-180-VolPCI.png>
Package pdftex.def Info: ./figures/25bApdxD-12-180-VolPCI.png  used on input line 1794.
(pdftex.def)             Requested size: 561.59857pt x 421.22292pt.

Overfull \hbox (93.59857pt too wide) in paragraph at lines 1794--1795
[][] 
 []



[63 <./figures/25aApdxD-12-180-RetPCI.png>]

LaTeX Warning: Text page 64 contains only floats.



[64 <./figures/25bApdxD-12-180-VolPCI.png>]
<./figures/26aApdxD-12-200-RetNDC.png, id=1152, 803.0pt x 602.25pt>
File: ./figures/26aApdxD-12-200-RetNDC.png Graphic file (type png)
<use ./figures/26aApdxD-12-200-RetNDC.png>
Package pdftex.def Info: ./figures/26aApdxD-12-200-RetNDC.png  used on input line 1864.
(pdftex.def)             Requested size: 585.0pt x 438.77502pt.

Overfull \hbox (117.0pt too wide) in paragraph at lines 1864--1865
[][] 
 []

<./figures/26bApdxD-12-200-VolNDC.png, id=1153, 803.0pt x 602.25pt>
File: ./figures/26bApdxD-12-200-VolNDC.png Graphic file (type png)
<use ./figures/26bApdxD-12-200-VolNDC.png>
Package pdftex.def Info: ./figures/26bApdxD-12-200-VolNDC.png  used on input line 1872.
(pdftex.def)             Requested size: 585.0pt x 438.77502pt.

Overfull \hbox (117.0pt too wide) in paragraph at lines 1872--1873
[][] 
 []



[65]

[66]
Overfull \vbox (28.21944pt too high) has occurred while \output is active []



[67 <./figures/26aApdxD-12-200-RetNDC.png>]
<./figures/27aApdxD-12-200-RetNtwrk.png, id=1170, 803.0pt x 602.25pt>
File: ./figures/27aApdxD-12-200-RetNtwrk.png Graphic file (type png)
<use ./figures/27aApdxD-12-200-RetNtwrk.png>
Package pdftex.def Info: ./figures/27aApdxD-12-200-RetNtwrk.png  used on input line 1883.
(pdftex.def)             Requested size: 374.40143pt x 280.80609pt.
<./figures/27bApdxD-12-200-VolNtwrk.png, id=1171, 803.0pt x 602.25pt>
File: ./figures/27bApdxD-12-200-VolNtwrk.png Graphic file (type png)
<use ./figures/27bApdxD-12-200-VolNtwrk.png>
Package pdftex.def Info: ./figures/27bApdxD-12-200-VolNtwrk.png  used on input line 1887.
(pdftex.def)             Requested size: 374.40143pt x 280.80609pt.

Overfull \hbox (129.02507pt too wide) in paragraph at lines 1882--1889
[]$[]$  $[]$ 
 []



[68 <./figures/26bApdxD-12-200-VolNDC.png>]

[69 <./figures/27aApdxD-12-200-RetNtwrk.png> <./figures/27bApdxD-12-200-VolNtwrk.png>]
<./figures/28aApdxD-12-200-RetPCI.png, id=1185, 803.0pt x 602.25pt>
File: ./figures/28aApdxD-12-200-RetPCI.png Graphic file (type png)
<use ./figures/28aApdxD-12-200-RetPCI.png>
Package pdftex.def Info: ./figures/28aApdxD-12-200-RetPCI.png  used on input line 1902.
(pdftex.def)             Requested size: 514.80286pt x 386.1279pt.

Overfull \hbox (46.80286pt too wide) in paragraph at lines 1902--1903
[][] 
 []

<./figures/28bApdxD-12-200-VolPCI.png, id=1186, 803.0pt x 602.25pt>
File: ./figures/28bApdxD-12-200-VolPCI.png Graphic file (type png)
<use ./figures/28bApdxD-12-200-VolPCI.png>
Package pdftex.def Info: ./figures/28bApdxD-12-200-VolPCI.png  used on input line 1910.
(pdftex.def)             Requested size: 561.59857pt x 421.22292pt.

Overfull \hbox (93.59857pt too wide) in paragraph at lines 1910--1911
[][] 
 []



[70 <./figures/28aApdxD-12-200-RetPCI.png>]

LaTeX Warning: Text page 71 contains only floats.



[71 <./figures/28bApdxD-12-200-VolPCI.png>]
<./figures/29aApdxD-12-220-RetNDC.png, id=1200, 803.0pt x 602.25pt>
File: ./figures/29aApdxD-12-220-RetNDC.png Graphic file (type png)
<use ./figures/29aApdxD-12-220-RetNDC.png>
Package pdftex.def Info: ./figures/29aApdxD-12-220-RetNDC.png  used on input line 1982.
(pdftex.def)             Requested size: 585.0pt x 438.77502pt.

Overfull \hbox (117.0pt too wide) in paragraph at lines 1982--1983
[][] 
 []

<./figures/29bApdxD-12-220-VolNDC.png, id=1201, 803.0pt x 602.25pt>
File: ./figures/29bApdxD-12-220-VolNDC.png Graphic file (type png)
<use ./figures/29bApdxD-12-220-VolNDC.png>
Package pdftex.def Info: ./figures/29bApdxD-12-220-VolNDC.png  used on input line 1990.
(pdftex.def)             Requested size: 585.0pt x 438.77502pt.

Overfull \hbox (117.0pt too wide) in paragraph at lines 1990--1991
[][] 
 []



[72]

[73]
Overfull \vbox (28.21944pt too high) has occurred while \output is active []



[74 <./figures/29aApdxD-12-220-RetNDC.png>]
<./figures/30aApdxD-12-220-RetNtwrk.png, id=1218, 803.0pt x 602.25pt>
File: ./figures/30aApdxD-12-220-RetNtwrk.png Graphic file (type png)
<use ./figures/30aApdxD-12-220-RetNtwrk.png>
Package pdftex.def Info: ./figures/30aApdxD-12-220-RetNtwrk.png  used on input line 2001.
(pdftex.def)             Requested size: 374.40143pt x 280.80609pt.
<./figures/30bApdxD-12-220-VolNtwrk.png, id=1219, 803.0pt x 602.25pt>
File: ./figures/30bApdxD-12-220-VolNtwrk.png Graphic file (type png)
<use ./figures/30bApdxD-12-220-VolNtwrk.png>
Package pdftex.def Info: ./figures/30bApdxD-12-220-VolNtwrk.png  used on input line 2005.
(pdftex.def)             Requested size: 374.40143pt x 280.80609pt.

Overfull \hbox (129.02507pt too wide) in paragraph at lines 2000--2007
[]$[]$  $[]$ 
 []



[75 <./figures/29bApdxD-12-220-VolNDC.png>]

[76 <./figures/30aApdxD-12-220-RetNtwrk.png> <./figures/30bApdxD-12-220-VolNtwrk.png>]
<./figures/31aApdxD-12-220-RetPCI.png, id=1233, 803.0pt x 602.25pt>
File: ./figures/31aApdxD-12-220-RetPCI.png Graphic file (type png)
<use ./figures/31aApdxD-12-220-RetPCI.png>
Package pdftex.def Info: ./figures/31aApdxD-12-220-RetPCI.png  used on input line 2020.
(pdftex.def)             Requested size: 514.80286pt x 386.1279pt.

Overfull \hbox (46.80286pt too wide) in paragraph at lines 2020--2021
[][] 
 []

<./figures/31bApdxD-12-220-VolPCI.png, id=1234, 803.0pt x 602.25pt>
File: ./figures/31bApdxD-12-220-VolPCI.png Graphic file (type png)
<use ./figures/31bApdxD-12-220-VolPCI.png>
Package pdftex.def Info: ./figures/31bApdxD-12-220-VolPCI.png  used on input line 2028.
(pdftex.def)             Requested size: 561.59857pt x 421.22292pt.

Overfull \hbox (93.59857pt too wide) in paragraph at lines 2028--2029
[][] 
 []



[77 <./figures/31aApdxD-12-220-RetPCI.png>]

LaTeX Warning: Text page 78 contains only floats.



[78 <./figures/31bApdxD-12-220-VolPCI.png>] (./EUA-Connectedness-no-Author-info.bbl
LaTeX Font Info:    Trying to load font information for T1+lmtt on input line 19.
(/Users/emreusenmez/Library/TinyTeX/texmf-dist/tex/latex/lm/t1lmtt.fd
File: t1lmtt.fd 2015/05/01 v1.6.1 Font defs for Latin Modern
)
Underfull \hbox (badness 2165) in paragraph at lines 63--68
[]\T1/lmr/m/n/8 Baker, S.R., Bloom, N., Davis, S.J., 2016.  Mea-sur-ing Eco-nomic Pol-icy Un-cer-tainty*.  The Quar-terly Jour-
 []



[79

]

[80]

[81]

[82])

[83] (./EUA-Connectedness-no-Author-info.aux)
 ***********
LaTeX2e <2024-11-01> patch level 2
L3 programming layer <2025-01-18>
 ***********
Package rerunfilecheck Info: File `EUA-Connectedness-no-Author-info.out' has not changed.
(rerunfilecheck)             Checksum: 696DEA28B222DC173E433A5F5AFD2F53;18658.
 ) 
Here is how much of TeX's memory you used:
 14526 strings out of 475172
 252546 string characters out of 5764709
 648665 words of memory out of 5000000
 36967 multiletter control sequences out of 15000+600000
 606678 words of font info for 72 fonts, out of 8000000 for 9000
 14 hyphenation exceptions out of 8191
 72i,11n,79p,710b,784s stack positions out of 10000i,1000n,20000p,200000b,200000s
</Users/emreusenmez/Library/TinyTeX/texmf-dist/fonts/type1/public/lm/lmbx10.pfb></Users/emreusenmez/Library/TinyTeX/texmf-dist/fonts/type1/public/lm/lmex10.pfb></Users/emreusenmez/Library/TinyTeX/texmf-dist/fonts/type1/public/lm/lmmi10.pfb></Users/emreusenmez/Library/TinyTeX/texmf-dist/fonts/type1/public/lm/lmmi7.pfb></Users/emreusenmez/Library/TinyTeX/texmf-dist/fonts/type1/public/lm/lmmi8.pfb></Users/emreusenmez/Library/TinyTeX/texmf-dist/fonts/type1/public/lm/lmr10.pfb></Users/emreusenmez/Library/TinyTeX/texmf-dist/fonts/type1/public/lm/lmr12.pfb></Users/emreusenmez/Library/TinyTeX/texmf-dist/fonts/type1/public/lm/lmr6.pfb></Users/emreusenmez/Library/TinyTeX/texmf-dist/fonts/type1/public/lm/lmr7.pfb></Users/emreusenmez/Library/TinyTeX/texmf-dist/fonts/type1/public/lm/lmr8.pfb></Users/emreusenmez/Library/TinyTeX/texmf-dist/fonts/type1/public/lm/lmri10.pfb></Users/emreusenmez/Library/TinyTeX/texmf-dist/fonts/type1/public/lm/lmri8.pfb></Users/emreusenmez/Library/TinyTeX/texmf-dist/fonts/type1/public/lm/lmsy10.pfb></Users/emreusenmez/Library/TinyTeX/texmf-dist/fonts/type1/public/lm/lmsy6.pfb></Users/emreusenmez/Library/TinyTeX/texmf-dist/fonts/type1/public/lm/lmsy7.pfb></Users/emreusenmez/Library/TinyTeX/texmf-dist/fonts/type1/public/lm/lmtt8.pfb>
Output written on EUA-Connectedness-no-Author-info.pdf (83 pages, 1538583 bytes).
PDF statistics:
 1692 PDF objects out of 1728 (max. 8388607)
 1436 compressed objects within 15 object streams
 349 named destinations out of 1000 (max. 500000)
 746 words of extra memory for PDF output out of 10000 (max. 10000000)

