This is pdfTeX, Version 3.141592653-2.6-1.40.25 (TeX Live 2023) (preloaded format=pdflatex 2023.8.17)  27 OCT 2024 09:00
entering extended mode
 restricted \write18 enabled.
 %&-line parsing enabled.
**EUA-Connectedness.tex
(./EUA-Connectedness.tex
LaTeX2e <2022-11-01> patch level 1
L3 programming layer <2023-02-22> (/usr/local/texlive/2023/texmf-dist/tex/latex
/elsarticle/elsarticle.cls
Document Class: elsarticle 2020/11/20, 3.3: Elsevier Ltd
(/usr/local/texlive/2023/texmf-dist/tex/latex/l3kernel/expl3.sty
Package: expl3 2023-02-22 L3 programming layer (loader) 
(/usr/local/texlive/2023/texmf-dist/tex/latex/l3backend/l3backend-pdftex.def
File: l3backend-pdftex.def 2023-01-16 L3 backend support: PDF output (pdfTeX)
\l__color_backend_stack_int=\count185
\l__pdf_internal_box=\box51
)) (/usr/local/texlive/2023/texmf-dist/tex/latex/l3packages/xparse/xparse.sty
Package: xparse 2023-02-02 L3 Experimental document command parser
) (/usr/local/texlive/2023/texmf-dist/tex/latex/etoolbox/etoolbox.sty
Package: etoolbox 2020/10/05 v2.5k e-TeX tools for LaTeX (JAW)
\etb@tempcnta=\count186
)
\@bls=\dimen140
(/usr/local/texlive/2023/texmf-dist/tex/latex/base/article.cls
Document Class: article 2022/07/02 v1.4n Standard LaTeX document class
(/usr/local/texlive/2023/texmf-dist/tex/latex/base/size10.clo
File: size10.clo 2022/07/02 v1.4n Standard LaTeX file (size option)
)
\c@part=\count187
\c@section=\count188
\c@subsection=\count189
\c@subsubsection=\count190
\c@paragraph=\count191
\c@subparagraph=\count192
\c@figure=\count193
\c@table=\count194
\abovecaptionskip=\skip48
\belowcaptionskip=\skip49
\bibindent=\dimen141
) (/usr/local/texlive/2023/texmf-dist/tex/latex/graphics/graphicx.sty
Package: graphicx 2021/09/16 v1.2d Enhanced LaTeX Graphics (DPC,SPQR)
(/usr/local/texlive/2023/texmf-dist/tex/latex/graphics/keyval.sty
Package: keyval 2022/05/29 v1.15 key=value parser (DPC)
\KV@toks@=\toks16
) (/usr/local/texlive/2023/texmf-dist/tex/latex/graphics/graphics.sty
Package: graphics 2022/03/10 v1.4e Standard LaTeX Graphics (DPC,SPQR)
(/usr/local/texlive/2023/texmf-dist/tex/latex/graphics/trig.sty
Package: trig 2021/08/11 v1.11 sin cos tan (DPC)
) (/usr/local/texlive/2023/texmf-dist/tex/latex/graphics-cfg/graphics.cfg
File: graphics.cfg 2016/06/04 v1.11 sample graphics configuration
)
Package graphics Info: Driver file: pdftex.def on input line 107.
(/usr/local/texlive/2023/texmf-dist/tex/latex/graphics-def/pdftex.def
File: pdftex.def 2022/09/22 v1.2b Graphics/color driver for pdftex
))
\Gin@req@height=\dimen142
\Gin@req@width=\dimen143
)
\c@tnote=\count195
\c@fnote=\count196
\c@cnote=\count197
\c@ead=\count198
\c@author=\count199
\@eadauthor=\toks17
\c@affn=\count266
\absbox=\box52
\elsarticlehighlightsbox=\box53
\elsarticlegrabsbox=\box54
\keybox=\box55
\Columnwidth=\dimen144
\space@left=\dimen145
\els@boxa=\box56
\els@boxb=\box57
\leftMargin=\dimen146
\@enLab=\toks18
\@sep=\skip50
\@@sep=\skip51
(./EUA-Connectedness.spl) (/usr/local/texlive/2023/texmf-dist/tex/latex/natbib/
natbib.sty
Package: natbib 2010/09/13 8.31b (PWD, AO)
\bibhang=\skip52
\bibsep=\skip53
LaTeX Info: Redefining \cite on input line 694.
\c@NAT@ctr=\count267
)
\splwrite=\write3
\openout3 = `EUA-Connectedness.spl'.

(/usr/local/texlive/2023/texmf-dist/tex/latex/geometry/geometry.sty
Package: geometry 2020/01/02 v5.9 Page Geometry
(/usr/local/texlive/2023/texmf-dist/tex/generic/iftex/ifvtex.sty
Package: ifvtex 2019/10/25 v1.7 ifvtex legacy package. Use iftex instead.
(/usr/local/texlive/2023/texmf-dist/tex/generic/iftex/iftex.sty
Package: iftex 2022/02/03 v1.0f TeX engine tests
))
\Gm@cnth=\count268
\Gm@cntv=\count269
\c@Gm@tempcnt=\count270
\Gm@bindingoffset=\dimen147
\Gm@wd@mp=\dimen148
\Gm@odd@mp=\dimen149
\Gm@even@mp=\dimen150
\Gm@layoutwidth=\dimen151
\Gm@layoutheight=\dimen152
\Gm@layouthoffset=\dimen153
\Gm@layoutvoffset=\dimen154
\Gm@dimlist=\toks19
)
\appnamewidth=\dimen155
) (/usr/local/texlive/2023/texmf-dist/tex/latex/url/url.sty
\Urlmuskip=\muskip16
Package: url 2013/09/16  ver 3.4  Verb mode for urls, etc.
) (/usr/local/texlive/2023/texmf-dist/tex/latex/base/fontenc.sty
Package: fontenc 2021/04/29 v2.0v Standard LaTeX package
) (/usr/local/texlive/2023/texmf-dist/tex/latex/lm/lmodern.sty
Package: lmodern 2015/05/01 v1.6.1 Latin Modern Fonts
LaTeX Font Info:    Overwriting symbol font `operators' in version `normal'
(Font)                  OT1/cmr/m/n --> OT1/lmr/m/n on input line 22.
LaTeX Font Info:    Overwriting symbol font `letters' in version `normal'
(Font)                  OML/cmm/m/it --> OML/lmm/m/it on input line 23.
LaTeX Font Info:    Overwriting symbol font `symbols' in version `normal'
(Font)                  OMS/cmsy/m/n --> OMS/lmsy/m/n on input line 24.
LaTeX Font Info:    Overwriting symbol font `largesymbols' in version `normal'
(Font)                  OMX/cmex/m/n --> OMX/lmex/m/n on input line 25.
LaTeX Font Info:    Overwriting symbol font `operators' in version `bold'
(Font)                  OT1/cmr/bx/n --> OT1/lmr/bx/n on input line 26.
LaTeX Font Info:    Overwriting symbol font `letters' in version `bold'
(Font)                  OML/cmm/b/it --> OML/lmm/b/it on input line 27.
LaTeX Font Info:    Overwriting symbol font `symbols' in version `bold'
(Font)                  OMS/cmsy/b/n --> OMS/lmsy/b/n on input line 28.
LaTeX Font Info:    Overwriting symbol font `largesymbols' in version `bold'
(Font)                  OMX/cmex/m/n --> OMX/lmex/m/n on input line 29.
LaTeX Font Info:    Overwriting math alphabet `\mathbf' in version `normal'
(Font)                  OT1/cmr/bx/n --> OT1/lmr/bx/n on input line 31.
LaTeX Font Info:    Overwriting math alphabet `\mathsf' in version `normal'
(Font)                  OT1/cmss/m/n --> OT1/lmss/m/n on input line 32.
LaTeX Font Info:    Overwriting math alphabet `\mathit' in version `normal'
(Font)                  OT1/cmr/m/it --> OT1/lmr/m/it on input line 33.
LaTeX Font Info:    Overwriting math alphabet `\mathtt' in version `normal'
(Font)                  OT1/cmtt/m/n --> OT1/lmtt/m/n on input line 34.
LaTeX Font Info:    Overwriting math alphabet `\mathbf' in version `bold'
(Font)                  OT1/cmr/bx/n --> OT1/lmr/bx/n on input line 35.
LaTeX Font Info:    Overwriting math alphabet `\mathsf' in version `bold'
(Font)                  OT1/cmss/bx/n --> OT1/lmss/bx/n on input line 36.
LaTeX Font Info:    Overwriting math alphabet `\mathit' in version `bold'
(Font)                  OT1/cmr/bx/it --> OT1/lmr/bx/it on input line 37.
LaTeX Font Info:    Overwriting math alphabet `\mathtt' in version `bold'
(Font)                  OT1/cmtt/m/n --> OT1/lmtt/m/n on input line 38.
) (/usr/local/texlive/2023/texmf-dist/tex/latex/amsfonts/amssymb.sty
Package: amssymb 2013/01/14 v3.01 AMS font symbols
(/usr/local/texlive/2023/texmf-dist/tex/latex/amsfonts/amsfonts.sty
Package: amsfonts 2013/01/14 v3.01 Basic AMSFonts support
\@emptytoks=\toks20
\symAMSa=\mathgroup4
\symAMSb=\mathgroup5
LaTeX Font Info:    Redeclaring math symbol \hbar on input line 98.
LaTeX Font Info:    Overwriting math alphabet `\mathfrak' in version `bold'
(Font)                  U/euf/m/n --> U/euf/b/n on input line 106.
)) (/usr/local/texlive/2023/texmf-dist/tex/latex/amsmath/amsmath.sty
Package: amsmath 2022/04/08 v2.17n AMS math features
\@mathmargin=\skip54
For additional information on amsmath, use the `?' option.
(/usr/local/texlive/2023/texmf-dist/tex/latex/amsmath/amstext.sty
Package: amstext 2021/08/26 v2.01 AMS text
(/usr/local/texlive/2023/texmf-dist/tex/latex/amsmath/amsgen.sty
File: amsgen.sty 1999/11/30 v2.0 generic functions
\@emptytoks=\toks21
\ex@=\dimen156
)) (/usr/local/texlive/2023/texmf-dist/tex/latex/amsmath/amsbsy.sty
Package: amsbsy 1999/11/29 v1.2d Bold Symbols
\pmbraise@=\dimen157
) (/usr/local/texlive/2023/texmf-dist/tex/latex/amsmath/amsopn.sty
Package: amsopn 2022/04/08 v2.04 operator names
)
\inf@bad=\count271
LaTeX Info: Redefining \frac on input line 234.
\uproot@=\count272
\leftroot@=\count273
LaTeX Info: Redefining \overline on input line 399.
LaTeX Info: Redefining \colon on input line 410.
\classnum@=\count274
\DOTSCASE@=\count275
LaTeX Info: Redefining \ldots on input line 496.
LaTeX Info: Redefining \dots on input line 499.
LaTeX Info: Redefining \cdots on input line 620.
\Mathstrutbox@=\box58
\strutbox@=\box59
LaTeX Info: Redefining \big on input line 722.
LaTeX Info: Redefining \Big on input line 723.
LaTeX Info: Redefining \bigg on input line 724.
LaTeX Info: Redefining \Bigg on input line 725.
\big@size=\dimen158
LaTeX Font Info:    Redeclaring font encoding OML on input line 743.
LaTeX Font Info:    Redeclaring font encoding OMS on input line 744.
\macc@depth=\count276
LaTeX Info: Redefining \bmod on input line 905.
LaTeX Info: Redefining \pmod on input line 910.
LaTeX Info: Redefining \smash on input line 940.
LaTeX Info: Redefining \relbar on input line 970.
LaTeX Info: Redefining \Relbar on input line 971.
\c@MaxMatrixCols=\count277
\dotsspace@=\muskip17
\c@parentequation=\count278
\dspbrk@lvl=\count279
\tag@help=\toks22
\row@=\count280
\column@=\count281
\maxfields@=\count282
\andhelp@=\toks23
\eqnshift@=\dimen159
\alignsep@=\dimen160
\tagshift@=\dimen161
\tagwidth@=\dimen162
\totwidth@=\dimen163
\lineht@=\dimen164
\@envbody=\toks24
\multlinegap=\skip55
\multlinetaggap=\skip56
\mathdisplay@stack=\toks25
LaTeX Info: Redefining \[ on input line 2953.
LaTeX Info: Redefining \] on input line 2954.
) (/usr/local/texlive/2023/texmf-dist/tex/latex/lineno/lineno.sty
Package: lineno 2023/01/19 line numbers on paragraphs v5.1
\linenopenalty=\count283
\output=\toks26
\linenoprevgraf=\count284
\linenumbersep=\dimen165
\linenumberwidth=\dimen166
\c@linenumber=\count285
\c@pagewiselinenumber=\count286
\c@LN@truepage=\count287
\c@internallinenumber=\count288
\c@internallinenumbers=\count289
\quotelinenumbersep=\dimen167
\bframerule=\dimen168
\bframesep=\dimen169
\bframebox=\box60
\linenoamsmath@ams@eqpen=\count290
LaTeX Info: Redefining \\ on input line 3131.
) (/usr/local/texlive/2023/texmf-dist/tex/generic/iftex/ifxetex.sty
Package: ifxetex 2019/10/25 v0.7 ifxetex legacy package. Use iftex instead.
) (/usr/local/texlive/2023/texmf-dist/tex/generic/iftex/ifluatex.sty
Package: ifluatex 2019/10/25 v1.5 ifluatex legacy package. Use iftex instead.
) (/usr/local/texlive/2023/texmf-dist/tex/latex/base/fixltx2e.sty
Package: fixltx2e 2016/12/29 v2.1a fixes to LaTeX (obsolete)
Applying: [2015/01/01] Old fixltx2e package on input line 46.

Package fixltx2e Warning: fixltx2e is not required with releases after 2015
(fixltx2e)                All fixes are now in the LaTeX kernel.
(fixltx2e)                See the latexrelease package for details.

Already applied: [0000/00/00] Old fixltx2e package on input line 53.
) (/usr/local/texlive/2023/texmf-dist/tex/latex/upquote/upquote.sty
Package: upquote 2012/04/19 v1.3 upright-quote and grave-accent glyphs in verba
tim
(/usr/local/texlive/2023/texmf-dist/tex/latex/base/textcomp.sty
Package: textcomp 2020/02/02 v2.0n Standard LaTeX package
)) (/usr/local/texlive/2023/texmf-dist/tex/latex/base/inputenc.sty
Package: inputenc 2021/02/14 v1.3d Input encoding file
\inpenc@prehook=\toks27
\inpenc@posthook=\toks28
) (/usr/local/texlive/2023/texmf-dist/tex/latex/microtype/microtype.sty
Package: microtype 2023/03/13 v3.1a Micro-typographical refinements (RS)
\MT@toks=\toks29
\MT@tempbox=\box61
\MT@count=\count291
LaTeX Info: Redefining \noprotrusionifhmode on input line 1059.
LaTeX Info: Redefining \leftprotrusion on input line 1060.
\MT@prot@toks=\toks30
LaTeX Info: Redefining \rightprotrusion on input line 1078.
LaTeX Info: Redefining \textls on input line 1368.
\MT@outer@kern=\dimen170
LaTeX Info: Redefining \textmicrotypecontext on input line 1988.
\MT@listname@count=\count292
(/usr/local/texlive/2023/texmf-dist/tex/latex/microtype/microtype-pdftex.def
File: microtype-pdftex.def 2023/03/13 v3.1a Definitions specific to pdftex (RS)

LaTeX Info: Redefining \lsstyle on input line 902.
LaTeX Info: Redefining \lslig on input line 902.
\MT@outer@space=\skip57
)
Package microtype Info: Loading configuration file microtype.cfg.
(/usr/local/texlive/2023/texmf-dist/tex/latex/microtype/microtype.cfg
File: microtype.cfg 2023/03/13 v3.1a microtype main configuration file (RS)
)) (/usr/local/texlive/2023/texmf-dist/tex/latex/hyperref/hyperref.sty
Package: hyperref 2023-02-07 v7.00v Hypertext links for LaTeX
(/usr/local/texlive/2023/texmf-dist/tex/generic/ltxcmds/ltxcmds.sty
Package: ltxcmds 2020-05-10 v1.25 LaTeX kernel commands for general use (HO)
) (/usr/local/texlive/2023/texmf-dist/tex/generic/pdftexcmds/pdftexcmds.sty
Package: pdftexcmds 2020-06-27 v0.33 Utility functions of pdfTeX for LuaTeX (HO
)
(/usr/local/texlive/2023/texmf-dist/tex/generic/infwarerr/infwarerr.sty
Package: infwarerr 2019/12/03 v1.5 Providing info/warning/error messages (HO)
)
Package pdftexcmds Info: \pdf@primitive is available.
Package pdftexcmds Info: \pdf@ifprimitive is available.
Package pdftexcmds Info: \pdfdraftmode found.
) (/usr/local/texlive/2023/texmf-dist/tex/latex/kvsetkeys/kvsetkeys.sty
Package: kvsetkeys 2022-10-05 v1.19 Key value parser (HO)
) (/usr/local/texlive/2023/texmf-dist/tex/generic/kvdefinekeys/kvdefinekeys.sty
Package: kvdefinekeys 2019-12-19 v1.6 Define keys (HO)
) (/usr/local/texlive/2023/texmf-dist/tex/generic/pdfescape/pdfescape.sty
Package: pdfescape 2019/12/09 v1.15 Implements pdfTeX's escape features (HO)
) (/usr/local/texlive/2023/texmf-dist/tex/latex/hycolor/hycolor.sty
Package: hycolor 2020-01-27 v1.10 Color options for hyperref/bookmark (HO)
) (/usr/local/texlive/2023/texmf-dist/tex/latex/letltxmacro/letltxmacro.sty
Package: letltxmacro 2019/12/03 v1.6 Let assignment for LaTeX macros (HO)
) (/usr/local/texlive/2023/texmf-dist/tex/latex/auxhook/auxhook.sty
Package: auxhook 2019-12-17 v1.6 Hooks for auxiliary files (HO)
) (/usr/local/texlive/2023/texmf-dist/tex/latex/hyperref/nameref.sty
Package: nameref 2022-05-17 v2.50 Cross-referencing by name of section
(/usr/local/texlive/2023/texmf-dist/tex/latex/refcount/refcount.sty
Package: refcount 2019/12/15 v3.6 Data extraction from label references (HO)
)
(/usr/local/texlive/2023/texmf-dist/tex/generic/gettitlestring/gettitlestring.s
ty
Package: gettitlestring 2019/12/15 v1.6 Cleanup title references (HO)
(/usr/local/texlive/2023/texmf-dist/tex/latex/kvoptions/kvoptions.sty
Package: kvoptions 2022-06-15 v3.15 Key value format for package options (HO)
))
\c@section@level=\count293
)
\@linkdim=\dimen171
\Hy@linkcounter=\count294
\Hy@pagecounter=\count295
(/usr/local/texlive/2023/texmf-dist/tex/latex/hyperref/pd1enc.def
File: pd1enc.def 2023-02-07 v7.00v Hyperref: PDFDocEncoding definition (HO)
Now handling font encoding PD1 ...
... no UTF-8 mapping file for font encoding PD1
) (/usr/local/texlive/2023/texmf-dist/tex/generic/intcalc/intcalc.sty
Package: intcalc 2019/12/15 v1.3 Expandable calculations with integers (HO)
) (/usr/local/texlive/2023/texmf-dist/tex/generic/etexcmds/etexcmds.sty
Package: etexcmds 2019/12/15 v1.7 Avoid name clashes with e-TeX commands (HO)
)
\Hy@SavedSpaceFactor=\count296
(/usr/local/texlive/2023/texmf-dist/tex/latex/hyperref/puenc.def
File: puenc.def 2023-02-07 v7.00v Hyperref: PDF Unicode definition (HO)
Now handling font encoding PU ...
... no UTF-8 mapping file for font encoding PU
)
Package hyperref Info: Option `unicode' set `true' on input line 4060.
Package hyperref Info: Hyper figures OFF on input line 4177.
Package hyperref Info: Link nesting OFF on input line 4182.
Package hyperref Info: Hyper index ON on input line 4185.
Package hyperref Info: Plain pages OFF on input line 4192.
Package hyperref Info: Backreferencing OFF on input line 4197.
Package hyperref Info: Implicit mode ON; LaTeX internals redefined.
Package hyperref Info: Bookmarks ON on input line 4425.
\c@Hy@tempcnt=\count297
LaTeX Info: Redefining \url on input line 4763.
\XeTeXLinkMargin=\dimen172
(/usr/local/texlive/2023/texmf-dist/tex/generic/bitset/bitset.sty
Package: bitset 2019/12/09 v1.3 Handle bit-vector datatype (HO)
(/usr/local/texlive/2023/texmf-dist/tex/generic/bigintcalc/bigintcalc.sty
Package: bigintcalc 2019/12/15 v1.5 Expandable calculations on big integers (HO
)
))
\Fld@menulength=\count298
\Field@Width=\dimen173
\Fld@charsize=\dimen174
Package hyperref Info: Hyper figures OFF on input line 6042.
Package hyperref Info: Link nesting OFF on input line 6047.
Package hyperref Info: Hyper index ON on input line 6050.
Package hyperref Info: backreferencing OFF on input line 6057.
Package hyperref Info: Link coloring OFF on input line 6062.
Package hyperref Info: Link coloring with OCG OFF on input line 6067.
Package hyperref Info: PDF/A mode OFF on input line 6072.
(/usr/local/texlive/2023/texmf-dist/tex/latex/base/atbegshi-ltx.sty
Package: atbegshi-ltx 2021/01/10 v1.0c Emulation of the original atbegshi
package with kernel methods
)
\Hy@abspage=\count299
\c@Item=\count300
\c@Hfootnote=\count301
)
Package hyperref Info: Driver (autodetected): hpdftex.
(/usr/local/texlive/2023/texmf-dist/tex/latex/hyperref/hpdftex.def
File: hpdftex.def 2023-02-07 v7.00v Hyperref driver for pdfTeX
(/usr/local/texlive/2023/texmf-dist/tex/latex/base/atveryend-ltx.sty
Package: atveryend-ltx 2020/08/19 v1.0a Emulation of the original atveryend pac
kage
with kernel methods
)
\Fld@listcount=\count302
\c@bookmark@seq@number=\count303

(/usr/local/texlive/2023/texmf-dist/tex/latex/rerunfilecheck/rerunfilecheck.sty
Package: rerunfilecheck 2022-07-10 v1.10 Rerun checks for auxiliary files (HO)

(/usr/local/texlive/2023/texmf-dist/tex/generic/uniquecounter/uniquecounter.sty
Package: uniquecounter 2019/12/15 v1.4 Provide unlimited unique counter (HO)
)
Package uniquecounter Info: New unique counter `rerunfilecheck' on input line 2
85.
)
\Hy@SectionHShift=\skip58
)
Package hyperref Info: Option `breaklinks' set `true' on input line 51.

Package hyperref Warning: Option `bookmarks' has already been used,
(hyperref)                setting the option has no effect on input line 51.

Package hyperref Info: Option `colorlinks' set `false' on input line 51.
(/usr/local/texlive/2023/texmf-dist/tex/latex/caption/subcaption.sty
Package: subcaption 2023/02/19 v1.6 Sub-captions (AR)
(/usr/local/texlive/2023/texmf-dist/tex/latex/caption/caption.sty
Package: caption 2023/03/12 v3.6j Customizing captions (AR)
(/usr/local/texlive/2023/texmf-dist/tex/latex/caption/caption3.sty
Package: caption3 2023/03/12 v2.4 caption3 kernel (AR)
\caption@tempdima=\dimen175
\captionmargin=\dimen176
\caption@leftmargin=\dimen177
\caption@rightmargin=\dimen178
\caption@width=\dimen179
\caption@indent=\dimen180
\caption@parindent=\dimen181
\caption@hangindent=\dimen182
Package caption Info: elsarticle document class detected.
(/usr/local/texlive/2023/texmf-dist/tex/latex/caption/caption-elsarticle.sto
File: caption-elsarticle.sto 2020/08/22 v2.0 Adaption of the caption package to
 the elsarticle document class (AR)
))
\c@caption@flags=\count304
\c@continuedfloat=\count305
Package caption Info: hyperref package is loaded.
)
Package caption Info: New subtype `subfigure' on input line 239.
\c@subfigure=\count306
Package caption Info: New subtype `subtable' on input line 239.
\c@subtable=\count307
)
LaTeX Font Info:    Trying to load font information for T1+lmr on input line 68
.
(/usr/local/texlive/2023/texmf-dist/tex/latex/lm/t1lmr.fd
File: t1lmr.fd 2015/05/01 v1.6.1 Font defs for Latin Modern
)
No file EUA-Connectedness.aux.
\openout1 = `EUA-Connectedness.aux'.

LaTeX Font Info:    Checking defaults for OML/cmm/m/it on input line 68.
LaTeX Font Info:    ... okay on input line 68.
LaTeX Font Info:    Checking defaults for OMS/cmsy/m/n on input line 68.
LaTeX Font Info:    ... okay on input line 68.
LaTeX Font Info:    Checking defaults for OT1/cmr/m/n on input line 68.
LaTeX Font Info:    ... okay on input line 68.
LaTeX Font Info:    Checking defaults for T1/cmr/m/n on input line 68.
LaTeX Font Info:    ... okay on input line 68.
LaTeX Font Info:    Checking defaults for TS1/cmr/m/n on input line 68.
LaTeX Font Info:    ... okay on input line 68.
LaTeX Font Info:    Checking defaults for OMX/cmex/m/n on input line 68.
LaTeX Font Info:    ... okay on input line 68.
LaTeX Font Info:    Checking defaults for U/cmr/m/n on input line 68.
LaTeX Font Info:    ... okay on input line 68.
LaTeX Font Info:    Checking defaults for PD1/pdf/m/n on input line 68.
LaTeX Font Info:    ... okay on input line 68.
LaTeX Font Info:    Checking defaults for PU/pdf/m/n on input line 68.
LaTeX Font Info:    ... okay on input line 68.
(/usr/local/texlive/2023/texmf-dist/tex/context/base/mkii/supp-pdf.mkii
[Loading MPS to PDF converter (version 2006.09.02).]
\scratchcounter=\count308
\scratchdimen=\dimen183
\scratchbox=\box62
\nofMPsegments=\count309
\nofMParguments=\count310
\everyMPshowfont=\toks31
\MPscratchCnt=\count311
\MPscratchDim=\dimen184
\MPnumerator=\count312
\makeMPintoPDFobject=\count313
\everyMPtoPDFconversion=\toks32
) (/usr/local/texlive/2023/texmf-dist/tex/latex/epstopdf-pkg/epstopdf-base.sty
Package: epstopdf-base 2020-01-24 v2.11 Base part for package epstopdf
Package epstopdf-base Info: Redefining graphics rule for `.eps' on input line 4
85.
(/usr/local/texlive/2023/texmf-dist/tex/latex/latexconfig/epstopdf-sys.cfg
File: epstopdf-sys.cfg 2010/07/13 v1.3 Configuration of (r)epstopdf for TeX Liv
e
))
*geometry* driver: auto-detecting
*geometry* detected driver: pdftex
*geometry* verbose mode - [ preamble ] result:
* driver: pdftex
* paper: custom
* layout: <same size as paper>
* layoutoffset:(h,v)=(0.0pt,0.0pt)
* hratio: 1:1
* vratio: 1:1
* modes: 
* h-part:(L,W,R)=(64.75394pt, 468.0pt, 64.75394pt)
* v-part:(T,H,B)=(111.52342pt, 622.0pt, 111.52342pt)
* \paperwidth=597.50787pt
* \paperheight=845.04684pt
* \textwidth=468.0pt
* \textheight=622.0pt
* \oddsidemargin=-7.51605pt
* \evensidemargin=-7.51605pt
* \topmargin=-22.74657pt
* \headheight=50.0pt
* \headsep=12.0pt
* \topskip=10.0pt
* \footskip=18.0pt
* \marginparwidth=65.0pt
* \marginparsep=11.0pt
* \columnsep=24.0pt
* \skip\footins=24.0pt plus 2.0pt minus 12.0pt
* \hoffset=0.0pt
* \voffset=0.0pt
* \mag=1000
* \@twocolumnfalse
* \@twosidefalse
* \@mparswitchfalse
* \@reversemarginfalse
* (1in=72.27pt=25.4mm, 1cm=28.453pt)

LaTeX Info: Redefining \microtypecontext on input line 68.
Package microtype Info: Applying patch `item' on input line 68.
Package microtype Info: Applying patch `toc' on input line 68.
Package microtype Info: Applying patch `eqnum' on input line 68.
Package microtype Info: Applying patch `footnote' on input line 68.
Package microtype Info: Applying patch `verbatim' on input line 68.
Package microtype Info: Generating PDF output.
Package microtype Info: Character protrusion enabled (level 2).
Package microtype Info: Using default protrusion set `alltext'.
Package microtype Info: Automatic font expansion enabled (level 2),
(microtype)             stretch: 20, shrink: 20, step: 1, non-selected.
Package microtype Info: Using default expansion set `alltext-nott'.
LaTeX Info: Redefining \showhyphens on input line 68.
Package microtype Info: No adjustment of tracking.
Package microtype Info: No adjustment of interword spacing.
Package microtype Info: No adjustment of character kerning.
(/usr/local/texlive/2023/texmf-dist/tex/latex/microtype/mt-cmr.cfg
File: mt-cmr.cfg 2013/05/19 v2.2 microtype config. file: Computer Modern Roman 
(RS)
)
Package hyperref Info: Link coloring OFF on input line 68.
\@outlinefile=\write4
\openout4 = `EUA-Connectedness.out'.

Package caption Info: Begin \AtBeginDocument code.
Package caption Info: End \AtBeginDocument code.
LaTeX Font Info:    Trying to load font information for OT1+lmr on input line 1
19.
(/usr/local/texlive/2023/texmf-dist/tex/latex/lm/ot1lmr.fd
File: ot1lmr.fd 2015/05/01 v1.6.1 Font defs for Latin Modern
)
LaTeX Font Info:    Trying to load font information for OML+lmm on input line 1
19.
(/usr/local/texlive/2023/texmf-dist/tex/latex/lm/omllmm.fd
File: omllmm.fd 2015/05/01 v1.6.1 Font defs for Latin Modern
)
LaTeX Font Info:    Trying to load font information for OMS+lmsy on input line 
119.
(/usr/local/texlive/2023/texmf-dist/tex/latex/lm/omslmsy.fd
File: omslmsy.fd 2015/05/01 v1.6.1 Font defs for Latin Modern
)
LaTeX Font Info:    Trying to load font information for OMX+lmex on input line 
119.
(/usr/local/texlive/2023/texmf-dist/tex/latex/lm/omxlmex.fd
File: omxlmex.fd 2015/05/01 v1.6.1 Font defs for Latin Modern
)
LaTeX Font Info:    External font `lmex10' loaded for size
(Font)              <10> on input line 119.
LaTeX Font Info:    External font `lmex10' loaded for size
(Font)              <7> on input line 119.
LaTeX Font Info:    External font `lmex10' loaded for size
(Font)              <5> on input line 119.
LaTeX Font Info:    Trying to load font information for U+msa on input line 119
.
(/usr/local/texlive/2023/texmf-dist/tex/latex/amsfonts/umsa.fd
File: umsa.fd 2013/01/14 v3.01 AMS symbols A
) (/usr/local/texlive/2023/texmf-dist/tex/latex/microtype/mt-msa.cfg
File: mt-msa.cfg 2006/02/04 v1.1 microtype config. file: AMS symbols (a) (RS)
)
LaTeX Font Info:    Trying to load font information for U+msb on input line 119
.
(/usr/local/texlive/2023/texmf-dist/tex/latex/amsfonts/umsb.fd
File: umsb.fd 2013/01/14 v3.01 AMS symbols B
) (/usr/local/texlive/2023/texmf-dist/tex/latex/microtype/mt-msb.cfg
File: mt-msb.cfg 2005/06/01 v1.0 microtype config. file: AMS symbols (b) (RS)
)
LaTeX Font Info:    External font `lmex10' loaded for size
(Font)              <8> on input line 119.
LaTeX Font Info:    External font `lmex10' loaded for size
(Font)              <6> on input line 119.

Package natbib Warning: Citation `corfee-morlot_global_2007' on page 1 undefine
d on input line 125.


Package natbib Warning: Citation `corfee-morlot_global_2007' on page 1 undefine
d on input line 128.


Package natbib Warning: Citation `hart_scientific_1993' on page 1 undefined on 
input line 128.


Package natbib Warning: Citation `weart_discovery_2008' on page 1 undefined on 
input line 128.


Package natbib Warning: Citation `unep_emissions_2023' on page 1 undefined on i
nput line 133.


Package natbib Warning: Citation `unep_emissions_2023' on page 1 undefined on i
nput line 135.


Package natbib Warning: Citation `regulation_2021_1119' on page 1 undefined on 
input line 138.


Package natbib Warning: Citation `delivering_2021' on page 1 undefined on input
 line 142.


Package natbib Warning: Citation `communication_2022' on page 1 undefined on in
put line 147.


Package natbib Warning: Citation `communication_2022' on page 1 undefined on in
put line 150.


Package natbib Warning: Citation `directive_2023_959' on page 1 undefined on in
put line 154.


Package natbib Warning: Citation `decision_2015_1814' on page 1 undefined on in
put line 157.


Package natbib Warning: Citation `bai_drivers_2023' on page 1 undefined on inpu
t line 157.


Package natbib Warning: Citation `directive_2023_959' on page 1 undefined on in
put line 159.


Package natbib Warning: Citation `eu_ets' on page 1 undefined on input line 160
.


Package natbib Warning: Citation `directive_2003_87' on page 1 undefined on inp
ut line 162.


Package natbib Warning: Citation `directive_2003_87' on page 1 undefined on inp
ut line 166.


Package natbib Warning: Citation `ellerman_eu_2014' on page 1 undefined on inpu
t line 170.


Package natbib Warning: Citation `bel_emission_2015' on page 1 undefined on inp
ut line 170.


Package natbib Warning: Citation `directive_2003_87' on page 1 undefined on inp
ut line 173.


Package natbib Warning: Citation `decision_2015_1814' on page 1 undefined on in
put line 175.


Package natbib Warning: Citation `simoes_revision_2022' on page 1 undefined on 
input line 175.


Package natbib Warning: Citation `directive_2009_29' on page 1 undefined on inp
ut line 176.


Package natbib Warning: Citation `directive_2018_410' on page 1 undefined on in
put line 180.


Package natbib Warning: Citation `directive_2023_959' on page 1 undefined on in
put line 185.


Overfull \hbox (2.22221pt too wide) has occurred while \output is active
[] 
 []


Package hyperref Warning: Token not allowed in a PDF string (Unicode):
(hyperref)                removing `\<def>-command' on input line 186.


Package hyperref Warning: Token not allowed in a PDF string (Unicode):
(hyperref)                removing `\cnotenum' on input line 186.


Package hyperref Warning: Token not allowed in a PDF string (Unicode):
(hyperref)                removing `\<def>-command' on input line 186.


Package hyperref Warning: Token not allowed in a PDF string (Unicode):
(hyperref)                removing `\@corref' on input line 186.

[1

{/usr/local/texlive/2023/texmf-var/fonts/map/pdftex/updmap/pdftex.map}{/usr/loc
al/texlive/2023/texmf-dist/fonts/enc/dvips/lm/lm-ec.enc}{/usr/local/texlive/202
3/texmf-dist/fonts/enc/dvips/lm/lm-mathsy.enc}]

Package natbib Warning: Citation `backe_exploring_2023' on page 2 undefined on 
input line 189.


Package natbib Warning: Citation `de_cara_marginal_2011' on page 2 undefined on
 input line 189.


Package natbib Warning: Citation `marin_impact_2018' on page 2 undefined on inp
ut line 189.


Package natbib Warning: Citation `scheelhaase_options_2021' on page 2 undefined
 on input line 189.


Package natbib Warning: Citation `pietzcker_tightening_2021' on page 2 undefine
d on input line 191.


Package natbib Warning: Citation `quemin_raising_2022' on page 2 undefined on i
nput line 191.


Package natbib Warning: Citation `lovcha_determinants_2022' on page 2 undefined
 on input line 191.


Package natbib Warning: Citation `pietzcker_tightening_2021' on page 2 undefine
d on input line 194.


Package natbib Warning: Citation `recka_2015' on page 2 undefined on input line
 194.


Package natbib Warning: Citation `bohl_impact_2023' on page 2 undefined on inpu
t line 198.


Package natbib Warning: Citation `corgnet_information_2021' on page 2 undefined
 on input line 198.


Package natbib Warning: Citation `acworth_emissions_2017' on page 2 undefined o
n input line 201.


Package natbib Warning: Citation `laing_assessing_2013' on page 2 undefined on 
input line 201.


Package natbib Warning: Citation `demiralay_carbon_2022' on page 2 undefined on
 input line 251.


Package natbib Warning: Citation `dai_impact_2022' on page 2 undefined on input
 line 251.

[2]

Package natbib Warning: Citation `wang_novel_2021' on page 3 undefined on input
 line 255.


Package natbib Warning: Citation `zhang_forecasting_2024' on page 3 undefined o
n input line 255.


Package natbib Warning: Citation `chen_multiscale_2024' on page 3 undefined on 
input line 255.


Package natbib Warning: Citation `zheng_relationship_2022' on page 3 undefined 
on input line 258.


Package natbib Warning: Citation `gong_climate_2023' on page 3 undefined on inp
ut line 258.


Package natbib Warning: Citation `zhang_forecasting_2024' on page 3 undefined o
n input line 258.


Package natbib Warning: Citation `paolella_econometric_2008' on page 3 undefine
d on input line 264.


Package natbib Warning: Citation `benz_modeling_2009' on page 3 undefined on in
put line 264.


Package natbib Warning: Citation `arouri_nonlinearities_2012' on page 3 undefin
ed on input line 264.


Package natbib Warning: Citation `byun_forecasting_2013' on page 3 undefined on
 input line 264.


Package natbib Warning: Citation `garcia-martos_modelling_2013' on page 3 undef
ined on input line 264.


Package natbib Warning: Citation `huang_hybrid_2021' on page 3 undefined on inp
ut line 264.


Package natbib Warning: Citation `dai_impact_2022' on page 3 undefined on input
 line 266.


Package natbib Warning: Citation `dong_extreme_2024' on page 3 undefined on inp
ut line 266.


Package natbib Warning: Citation `QIN2024131410' on page 3 undefined on input l
ine 269.


Package natbib Warning: Citation `wang_novel_2021' on page 3 undefined on input
 line 269.


Package natbib Warning: Citation `chen_multiscale_2024' on page 3 undefined on 
input line 269.


Package natbib Warning: Citation `feng_carbon_2011' on page 3 undefined on inpu
t line 273.


Package natbib Warning: Citation `lutz_nonlinearity_2013' on page 3 undefined o
n input line 273.


Package natbib Warning: Citation `segnon_modeling_2017' on page 3 undefined on 
input line 273.


Package natbib Warning: Citation `chen_multiscale_2024' on page 3 undefined on 
input line 273.


Package natbib Warning: Citation `wu_achieving_2016' on page 3 undefined on inp
ut line 277.


Package natbib Warning: Citation `lin_impacts_2019' on page 3 undefined on inpu
t line 277.


Package natbib Warning: Citation `bolat_is_2023' on page 3 undefined on input l
ine 279.


Package natbib Warning: Citation `delarue_simulating_2007' on page 3 undefined 
on input line 282.


Package natbib Warning: Citation `kara_impacts_2008' on page 3 undefined on inp
ut line 282.


Package natbib Warning: Citation `zachmann_first_2008' on page 3 undefined on i
nput line 282.


Package natbib Warning: Citation `kirat_impact_2011' on page 3 undefined on inp
ut line 282.


Package natbib Warning: Citation `bonenti_evaluating_2013' on page 3 undefined 
on input line 282.


Package natbib Warning: Citation `hobbie_windfall_2019' on page 3 undefined on 
input line 282.


Package natbib Warning: Citation `hanif_nonlinear_2021' on page 3 undefined on 
input line 282.


Package natbib Warning: Citation `dai_impact_2022' on page 3 undefined on input
 line 282.


Package natbib Warning: Citation `VANASSELT2007497' on page 3 undefined on inpu
t line 285.


Package natbib Warning: Citation `zhang_overview_2010' on page 3 undefined on i
nput line 285.


Package natbib Warning: Citation `oberndorfer_costs_2007' on page 3 undefined o
n input line 285.


Package natbib Warning: Citation `efthymiou_eu_2019' on page 3 undefined on inp
ut line 285.


Package natbib Warning: Citation `mansanet-bataller_co_2007' on page 3 undefine
d on input line 290.


Package natbib Warning: Citation `alberola_price_2008' on page 3 undefined on i
nput line 290.


Package natbib Warning: Citation `keppler_causalities_2010' on page 3 undefined
 on input line 290.


Package natbib Warning: Citation `bredin_emerging_2011' on page 3 undefined on 
input line 290.


Package natbib Warning: Citation `chevallier_evaluating_2011' on page 3 undefin
ed on input line 290.


Package natbib Warning: Citation `creti_carbon_2012' on page 3 undefined on inp
ut line 290.


Package natbib Warning: Citation `aatola_price_2013' on page 3 undefined on inp
ut line 290.


Package natbib Warning: Citation `zhang_dynamic_2016' on page 3 undefined on in
put line 290.


Package natbib Warning: Citation `ji_information_2018' on page 3 undefined on i
nput line 290.


Package natbib Warning: Citation `arouri_nonlinearities_2012' on page 3 undefin
ed on input line 293.


Package natbib Warning: Citation `wu_market-linkage_2020' on page 3 undefined o
n input line 293.


Package natbib Warning: Citation `tan_how_2020' on page 3 undefined on input li
ne 298.


Package natbib Warning: Citation `lovcha_determinants_2022' on page 3 undefined
 on input line 298.


Package natbib Warning: Citation `yang_idiosyncratic_2022' on page 3 undefined 
on input line 298.


Package natbib Warning: Citation `jimenez-rodriguez_what_2019' on page 3 undefi
ned on input line 301.


Package natbib Warning: Citation `tan_how_2020' on page 3 undefined on input li
ne 301.


Package natbib Warning: Citation `dong_risk_2024' on page 3 undefined on input 
line 301.


Package natbib Warning: Citation `demiralay_carbon_2022' on page 3 undefined on
 input line 305.


Package natbib Warning: Citation `diebold_measuring_2009' on page 3 undefined o
n input line 332.


Package natbib Warning: Citation `diebold_better_2012' on page 3 undefined on i
nput line 332.


Package natbib Warning: Citation `diebold_network_2014' on page 3 undefined on 
input line 332.


Package natbib Warning: Citation `zhang_dynamic_2016' on page 3 undefined on in
put line 335.


Package natbib Warning: Citation `xia_asymmetric_2019' on page 3 undefined on i
nput line 335.


Package natbib Warning: Citation `ji_information_2019' on page 3 undefined on i
nput line 335.


Package natbib Warning: Citation `tan_how_2020' on page 3 undefined on input li
ne 335.


Package natbib Warning: Citation `gabauer_dynamic_2021' on page 3 undefined on 
input line 335.


Package natbib Warning: Citation `hanif_nonlinear_2021' on page 3 undefined on 
input line 335.


Package natbib Warning: Citation `diebold_past_2023' on page 3 undefined on inp
ut line 335.


Package natbib Warning: Citation `dong_risk_2024' on page 3 undefined on input 
line 335.


Package natbib Warning: Citation `gong_physical_2024' on page 3 undefined on in
put line 335.


Package natbib Warning: Citation `gabauer_dynamic_2021' on page 3 undefined on 
input line 347.

[3]

Package natbib Warning: Citation `diebold_better_2012' on page 4 undefined on i
nput line 358.


Package natbib Warning: Citation `pham_impact_2023' on page 4 undefined on inpu
t line 358.


Package natbib Warning: Citation `wold_study_1939' on page 4 undefined on input
 line 361.


Package natbib Warning: Citation `diebold_better_2012' on page 4 undefined on i
nput line 370.


Package natbib Warning: Citation `koop_impulse_1996' on page 4 undefined on inp
ut line 371.


Package natbib Warning: Citation `pesaran_generalized_1998' on page 4 undefined
 on input line 371.


Package natbib Warning: Citation `diebold_better_2012' on page 4 undefined on i
nput line 380.


Package natbib Warning: Citation `yang_idiosyncratic_2022' on page 4 undefined 
on input line 380.


Package natbib Warning: Citation `tan_how_2020' on page 4 undefined on input li
ne 380.


Package natbib Warning: Citation `susilo_covid-19_2022' on page 4 undefined on 
input line 380.

[4{/usr/local/texlive/2023/texmf-dist/fonts/enc/dvips/lm/lm-mathit.enc}{/usr/lo
cal/texlive/2023/texmf-dist/fonts/enc/dvips/lm/lm-rm.enc}{/usr/local/texlive/20
23/texmf-dist/fonts/enc/dvips/lm/lm-mathex.enc}]

Package natbib Warning: Citation `diebold_better_2012' on page 5 undefined on i
nput line 426.


Package natbib Warning: Citation `gabauer_dynamic_2021' on page 5 undefined on 
input line 433.


LaTeX Warning: Reference `fig:EUAprice' on page 5 undefined on input line 454.

[5]
<../figures/1-EUAPrice.png, id=78, 529.98pt x 271.0125pt>
File: ../figures/1-EUAPrice.png Graphic file (type png)
<use ../figures/1-EUAPrice.png>
Package pdftex.def Info: ../figures/1-EUAPrice.png  used on input line 465.
(pdftex.def)             Requested size: 468.0pt x 239.31879pt.

LaTeX Warning: Reference `table:descriptivestats' on page 6 undefined on input 
line 489.


Underfull \hbox (badness 10000) in paragraph at lines 489--495

 []


Overfull \hbox (38.77887pt too wide) in paragraph at lines 500--515
[][] 
 []


Overfull \hbox (35.38982pt too wide) in paragraph at lines 517--531
[][] 
 []


Package natbib Warning: Citation `diebold_better_2012' on page 6 undefined on i
nput line 534.


Package natbib Warning: Citation `reboredo_volatility_2014' on page 6 undefined
 on input line 534.


Package natbib Warning: Citation `gabauer_dynamic_2021' on page 6 undefined on 
input line 534.


Package natbib Warning: Citation `diebold_better_2012' on page 6 undefined on i
nput line 539.


Package natbib Warning: Citation `zhang_oil_2017' on page 6 undefined on input 
line 539.


Package natbib Warning: Citation `dickey_distribution_1979' on page 6 undefined
 on input line 541.


Package natbib Warning: Citation `phillips_testing_1988' on page 6 undefined on
 input line 542.

[6 <../figures/1-EUAPrice.png>] [7]
No file EUA-Connectedness.bbl.

Package natbib Warning: There were undefined citations.

[8] (./EUA-Connectedness.aux)

LaTeX Warning: There were undefined references.


LaTeX Warning: Label(s) may have changed. Rerun to get cross-references right.


Package rerunfilecheck Warning: File `EUA-Connectedness.out' has changed.
(rerunfilecheck)                Rerun to get outlines right
(rerunfilecheck)                or use package `bookmark'.

Package rerunfilecheck Info: Checksums for `EUA-Connectedness.out':
(rerunfilecheck)             Before: <no file>
(rerunfilecheck)             After:  4FD652D7C01F975FF8474B9246C417EB;395.
 ) 
Here is how much of TeX's memory you used:
 15241 strings out of 476025
 247163 string characters out of 5790017
 1882388 words of memory out of 5000000
 35245 multiletter control sequences out of 15000+600000
 574868 words of font info for 157 fonts, out of 8000000 for 9000
 1141 hyphenation exceptions out of 8191
 75i,10n,77p,1014b,459s stack positions out of 10000i,1000n,20000p,200000b,200000s
</usr/local/texlive/2023/texmf-dist/fonts/type1/public/lm/lmbx10.pfb></usr/lo
cal/texlive/2023/texmf-dist/fonts/type1/public/lm/lmbx8.pfb></usr/local/texlive
/2023/texmf-dist/fonts/type1/public/lm/lmex10.pfb></usr/local/texlive/2023/texm
f-dist/fonts/type1/public/lm/lmmi10.pfb></usr/local/texlive/2023/texmf-dist/fon
ts/type1/public/lm/lmmi7.pfb></usr/local/texlive/2023/texmf-dist/fonts/type1/pu
blic/lm/lmr10.pfb></usr/local/texlive/2023/texmf-dist/fonts/type1/public/lm/lmr
12.pfb></usr/local/texlive/2023/texmf-dist/fonts/type1/public/lm/lmr6.pfb></usr
/local/texlive/2023/texmf-dist/fonts/type1/public/lm/lmr7.pfb></usr/local/texli
ve/2023/texmf-dist/fonts/type1/public/lm/lmr8.pfb></usr/local/texlive/2023/texm
f-dist/fonts/type1/public/lm/lmri10.pfb></usr/local/texlive/2023/texmf-dist/fon
ts/type1/public/lm/lmri7.pfb></usr/local/texlive/2023/texmf-dist/fonts/type1/pu
blic/lm/lmri8.pfb></usr/local/texlive/2023/texmf-dist/fonts/type1/public/lm/lms
y10.pfb></usr/local/texlive/2023/texmf-dist/fonts/type1/public/lm/lmsy6.pfb></u
sr/local/texlive/2023/texmf-dist/fonts/type1/public/lm/lmsy7.pfb>
Output written on EUA-Connectedness.pdf (8 pages, 565295 bytes).
PDF statistics:
 185 PDF objects out of 1000 (max. 8388607)
 137 compressed objects within 2 object streams
 41 named destinations out of 1000 (max. 500000)
 30726 words of extra memory for PDF output out of 35830 (max. 10000000)

